Indexed 26280 input files.
Building train/val split (this may take a minute) …
  pool=21144  train=16915  val=4229
Loading cached norm stats from /cluster/tufts/c26sp1cs0137/ashen05/norm_stats.pt
  in_channels=42

Training on cuda  —  50 epochs
───────────────────────────────────────────────────────
Epoch 01/50  train cont=0.8101 bin=0.0962  val cont=0.7123 bin=0.0824  (494s)
  ✓ Saved best model (val_loss=0.7206)
Epoch 02/50  train cont=0.7644 bin=0.0918  val cont=0.7004 bin=0.0809  (469s)
  ✓ Saved best model (val_loss=0.7085)
Epoch 03/50  train cont=0.7195 bin=0.0892  val cont=0.6437 bin=0.0806  (460s)
  ✓ Saved best model (val_loss=0.6517)
Epoch 04/50  train cont=0.6878 bin=0.0865  val cont=0.6284 bin=0.0795  (456s)
  ✓ Saved best model (val_loss=0.6363)
Epoch 05/50  train cont=0.6635 bin=0.0893  val cont=0.6063 bin=0.0801  (460s)
  ✓ Saved best model (val_loss=0.6143)
Epoch 06/50  train cont=0.6424 bin=0.0861  val cont=0.5844 bin=0.0788  (472s)
  ✓ Saved best model (val_loss=0.5923)
Epoch 07/50  train cont=0.6171 bin=0.0834  val cont=0.5640 bin=0.0802  (448s)
  ✓ Saved best model (val_loss=0.5721)
Epoch 08/50  train cont=0.6116 bin=0.0850  val cont=0.5598 bin=0.0770  (443s)
  ✓ Saved best model (val_loss=0.5675)
Epoch 09/50  train cont=0.5737 bin=0.0799  val cont=0.5655 bin=0.0756  (449s)
Epoch 10/50  train cont=0.5804 bin=0.0841  val cont=0.5645 bin=0.0737  (455s)
Epoch 11/50  train cont=0.5536 bin=0.0816  val cont=0.5562 bin=0.0764  (455s)
  ✓ Saved best model (val_loss=0.5638)
Epoch 12/50  train cont=0.5366 bin=0.0772  val cont=0.5070 bin=0.0678  (460s)
  ✓ Saved best model (val_loss=0.5138)
Epoch 13/50  train cont=0.5119 bin=0.0754  val cont=0.5125 bin=0.0672  (459s)
Epoch 14/50  train cont=0.5015 bin=0.0744  val cont=0.4992 bin=0.0645  (458s)
  ✓ Saved best model (val_loss=0.5057)
Epoch 15/50  train cont=0.4902 bin=0.0729  val cont=0.5079 bin=0.0700  (454s)
Epoch 16/50  train cont=0.4872 bin=0.0705  val cont=0.4709 bin=0.0632  (463s)
  ✓ Saved best model (val_loss=0.4772)
Epoch 17/50  train cont=0.4645 bin=0.0701  val cont=0.4617 bin=0.0634  (465s)
  ✓ Saved best model (val_loss=0.4680)
Epoch 18/50  train cont=0.4431 bin=0.0670  val cont=0.4443 bin=0.0685  (456s)
  ✓ Saved best model (val_loss=0.4511)
Epoch 19/50  train cont=0.4515 bin=0.0658  val cont=0.4571 bin=0.0638  (451s)
Epoch 20/50  train cont=0.4326 bin=0.0660  val cont=0.4539 bin=0.0606  (456s)
Epoch 21/50  train cont=0.4365 bin=0.0644  val cont=0.4192 bin=0.0587  (448s)
  ✓ Saved best model (val_loss=0.4251)
Epoch 22/50  train cont=0.4162 bin=0.0609  val cont=0.4242 bin=0.0601  (452s)
Epoch 23/50  train cont=0.4012 bin=0.0634  val cont=0.3984 bin=0.0600  (457s)
  ✓ Saved best model (val_loss=0.4044)
Epoch 24/50  train cont=0.3974 bin=0.0592  val cont=0.3850 bin=0.0573  (458s)
  ✓ Saved best model (val_loss=0.3907)
Epoch 25/50  train cont=0.3824 bin=0.0580  val cont=0.3806 bin=0.0582  (458s)
  ✓ Saved best model (val_loss=0.3864)
Epoch 26/50  train cont=0.3812 bin=0.0575  val cont=0.3718 bin=0.0575  (454s)
  ✓ Saved best model (val_loss=0.3775)
Epoch 27/50  train cont=0.3578 bin=0.0538  val cont=0.3720 bin=0.0577  (459s)
Epoch 28/50  train cont=0.3727 bin=0.0554  val cont=0.3767 bin=0.0584  (456s)
Epoch 29/50  train cont=0.3501 bin=0.0538  val cont=0.3604 bin=0.0594  (459s)
  ✓ Saved best model (val_loss=0.3664)
Epoch 30/50  train cont=0.3484 bin=0.0543  val cont=0.3508 bin=0.0629  (455s)
  ✓ Saved best model (val_loss=0.3570)
Epoch 31/50  train cont=0.3363 bin=0.0481  val cont=0.3477 bin=0.0548  (455s)
  ✓ Saved best model (val_loss=0.3532)
Epoch 32/50  train cont=0.3315 bin=0.0498  val cont=0.3479 bin=0.0557  (451s)
Epoch 33/50  train cont=0.3284 bin=0.0451  val cont=0.3528 bin=0.0611  (449s)
Epoch 34/50  train cont=0.3088 bin=0.0466  val cont=0.3400 bin=0.0601  (450s)
  ✓ Saved best model (val_loss=0.3460)
Epoch 35/50  train cont=0.3098 bin=0.0454  val cont=0.3416 bin=0.0593  (458s)
Epoch 36/50  train cont=0.3095 bin=0.0433  val cont=0.3299 bin=0.0580  (452s)
  ✓ Saved best model (val_loss=0.3357)
Epoch 37/50  train cont=0.3009 bin=0.0444  val cont=0.3163 bin=0.0537  (453s)
  ✓ Saved best model (val_loss=0.3216)
Epoch 38/50  train cont=0.2989 bin=0.0426  val cont=0.3221 bin=0.0579  (455s)
Epoch 39/50  train cont=0.2978 bin=0.0410  val cont=0.3196 bin=0.0586  (455s)
Epoch 40/50  train cont=0.2945 bin=0.0422  val cont=0.3137 bin=0.0576  (449s)
  ✓ Saved best model (val_loss=0.3195)
Epoch 41/50  train cont=0.2852 bin=0.0373  val cont=0.3109 bin=0.0569  (450s)
  ✓ Saved best model (val_loss=0.3166)
Epoch 42/50  train cont=0.2879 bin=0.0409  val cont=0.3097 bin=0.0564  (454s)
  ✓ Saved best model (val_loss=0.3153)
Epoch 43/50  train cont=0.2837 bin=0.0379  val cont=0.3048 bin=0.0563  (453s)
  ✓ Saved best model (val_loss=0.3104)
Epoch 44/50  train cont=0.2942 bin=0.0386  val cont=0.3039 bin=0.0556  (454s)
  ✓ Saved best model (val_loss=0.3095)
Epoch 45/50  train cont=0.2749 bin=0.0364  val cont=0.3034 bin=0.0575  (451s)
  ✓ Saved best model (val_loss=0.3092)
Epoch 46/50  train cont=0.2743 bin=0.0380  val cont=0.3016 bin=0.0578  (457s)
  ✓ Saved best model (val_loss=0.3074)
Epoch 47/50  train cont=0.2858 bin=0.0410  val cont=0.3018 bin=0.0572  (457s)
Epoch 48/50  train cont=0.2772 bin=0.0376  val cont=0.3010 bin=0.0567  (454s)
  ✓ Saved best model (val_loss=0.3066)
Epoch 49/50  train cont=0.2662 bin=0.0365  val cont=0.2980 bin=0.0568  (455s)
  ✓ Saved best model (val_loss=0.3037)
Epoch 50/50  train cont=0.2790 bin=0.0376  val cont=0.3024 bin=0.0578  (453s)

Done. Best val loss = 0.3037
Model  → /cluster/tufts/c26sp1cs0137/ashen05/best_model_20260324_210752.pt
Norms  → /cluster/tufts/c26sp1cs0137/ashen05/norm_stats.pt
