Building file index …
  Indexed 26280 files.
Loading metadata and targets …
Building train/val split …
  pool=21144  train=16915  val=4229
Loading cached norm stats from /cluster/tufts/c26sp1cs0137/ashen05/norm_stats.pt
  in_channels = 42

============================================================
Starting sweep: 162 combinations × 5 epochs each
Results → /cluster/tufts/c26sp1cs0137/ashen05/sweep_results.csv
============================================================

[  1/162] {'lr': 0.001, 'batch_size': 8, 'bin_loss_w': 0.1, 'crop_r0': 30, 'crop_c0': 0}
         val_loss=0.5979  (2228s)
         ★ New best!
[  2/162] {'lr': 0.001, 'batch_size': 8, 'bin_loss_w': 0.1, 'crop_r0': 30, 'crop_c0': 24}
         val_loss=0.6193  (2212s)
[  3/162] {'lr': 0.001, 'batch_size': 8, 'bin_loss_w': 0.1, 'crop_r0': 30, 'crop_c0': 50}
         val_loss=0.6248  (2167s)
[  4/162] {'lr': 0.001, 'batch_size': 8, 'bin_loss_w': 0.1, 'crop_r0': 49, 'crop_c0': 0}
         val_loss=0.6074  (2184s)
[  5/162] {'lr': 0.001, 'batch_size': 8, 'bin_loss_w': 0.1, 'crop_r0': 49, 'crop_c0': 24}
         val_loss=0.6196  (2171s)
[  6/162] {'lr': 0.001, 'batch_size': 8, 'bin_loss_w': 0.1, 'crop_r0': 49, 'crop_c0': 50}
         val_loss=0.6129  (2172s)
[  7/162] {'lr': 0.001, 'batch_size': 8, 'bin_loss_w': 0.1, 'crop_r0': 70, 'crop_c0': 0}
         val_loss=0.6172  (2158s)
[  8/162] {'lr': 0.001, 'batch_size': 8, 'bin_loss_w': 0.1, 'crop_r0': 70, 'crop_c0': 24}
         val_loss=0.6241  (2175s)
[  9/162] {'lr': 0.001, 'batch_size': 8, 'bin_loss_w': 0.1, 'crop_r0': 70, 'crop_c0': 50}
         val_loss=0.6150  (2177s)
[ 10/162] {'lr': 0.001, 'batch_size': 8, 'bin_loss_w': 0.3, 'crop_r0': 30, 'crop_c0': 0}
         val_loss=0.6202  (2174s)
[ 11/162] {'lr': 0.001, 'batch_size': 8, 'bin_loss_w': 0.3, 'crop_r0': 30, 'crop_c0': 24}
         val_loss=0.6235  (2174s)
[ 12/162] {'lr': 0.001, 'batch_size': 8, 'bin_loss_w': 0.3, 'crop_r0': 30, 'crop_c0': 50}
         val_loss=0.6271  (2164s)
[ 13/162] {'lr': 0.001, 'batch_size': 8, 'bin_loss_w': 0.3, 'crop_r0': 49, 'crop_c0': 0}
         val_loss=0.6258  (2167s)
[ 14/162] {'lr': 0.001, 'batch_size': 8, 'bin_loss_w': 0.3, 'crop_r0': 49, 'crop_c0': 24}
         val_loss=0.6319  (2174s)
[ 15/162] {'lr': 0.001, 'batch_size': 8, 'bin_loss_w': 0.3, 'crop_r0': 49, 'crop_c0': 50}
         val_loss=0.6293  (2162s)
[ 16/162] {'lr': 0.001, 'batch_size': 8, 'bin_loss_w': 0.3, 'crop_r0': 70, 'crop_c0': 0}
         val_loss=0.6177  (2160s)
[ 17/162] {'lr': 0.001, 'batch_size': 8, 'bin_loss_w': 0.3, 'crop_r0': 70, 'crop_c0': 24}
         val_loss=0.6281  (2169s)
[ 18/162] {'lr': 0.001, 'batch_size': 8, 'bin_loss_w': 0.3, 'crop_r0': 70, 'crop_c0': 50}
         val_loss=0.6330  (2154s)
[ 19/162] {'lr': 0.001, 'batch_size': 8, 'bin_loss_w': 0.5, 'crop_r0': 30, 'crop_c0': 0}
         val_loss=0.6391  (2178s)
[ 20/162] {'lr': 0.001, 'batch_size': 8, 'bin_loss_w': 0.5, 'crop_r0': 30, 'crop_c0': 24}
         val_loss=0.6381  (2155s)
[ 21/162] {'lr': 0.001, 'batch_size': 8, 'bin_loss_w': 0.5, 'crop_r0': 30, 'crop_c0': 50}
         val_loss=0.6622  (2170s)
[ 22/162] {'lr': 0.001, 'batch_size': 8, 'bin_loss_w': 0.5, 'crop_r0': 49, 'crop_c0': 0}
         val_loss=0.6363  (2164s)
[ 23/162] {'lr': 0.001, 'batch_size': 8, 'bin_loss_w': 0.5, 'crop_r0': 49, 'crop_c0': 24}
         val_loss=0.6488  (2176s)
[ 24/162] {'lr': 0.001, 'batch_size': 8, 'bin_loss_w': 0.5, 'crop_r0': 49, 'crop_c0': 50}
         val_loss=0.6554  (2202s)
[ 25/162] {'lr': 0.001, 'batch_size': 8, 'bin_loss_w': 0.5, 'crop_r0': 70, 'crop_c0': 0}
         val_loss=0.6458  (2245s)
[ 26/162] {'lr': 0.001, 'batch_size': 8, 'bin_loss_w': 0.5, 'crop_r0': 70, 'crop_c0': 24}
         val_loss=0.6513  (2239s)
[ 27/162] {'lr': 0.001, 'batch_size': 8, 'bin_loss_w': 0.5, 'crop_r0': 70, 'crop_c0': 50}
         val_loss=0.6476  (2186s)
[ 28/162] {'lr': 0.001, 'batch_size': 16, 'bin_loss_w': 0.1, 'crop_r0': 30, 'crop_c0': 0}
         val_loss=0.5789  (2181s)
         ★ New best!
[ 29/162] {'lr': 0.001, 'batch_size': 16, 'bin_loss_w': 0.1, 'crop_r0': 30, 'crop_c0': 24}
         val_loss=0.5879  (2161s)
[ 30/162] {'lr': 0.001, 'batch_size': 16, 'bin_loss_w': 0.1, 'crop_r0': 30, 'crop_c0': 50}
         val_loss=0.5765  (2166s)
         ★ New best!
[ 31/162] {'lr': 0.001, 'batch_size': 16, 'bin_loss_w': 0.1, 'crop_r0': 49, 'crop_c0': 0}
         val_loss=0.5684  (2135s)
         ★ New best!
[ 32/162] {'lr': 0.001, 'batch_size': 16, 'bin_loss_w': 0.1, 'crop_r0': 49, 'crop_c0': 24}
         val_loss=0.5681  (2077s)
         ★ New best!
[ 33/162] {'lr': 0.001, 'batch_size': 16, 'bin_loss_w': 0.1, 'crop_r0': 49, 'crop_c0': 50}
         val_loss=0.5880  (2100s)
[ 34/162] {'lr': 0.001, 'batch_size': 16, 'bin_loss_w': 0.1, 'crop_r0': 70, 'crop_c0': 0}
         val_loss=0.5906  (2110s)
[ 35/162] {'lr': 0.001, 'batch_size': 16, 'bin_loss_w': 0.1, 'crop_r0': 70, 'crop_c0': 24}
         val_loss=0.5810  (2101s)
[ 36/162] {'lr': 0.001, 'batch_size': 16, 'bin_loss_w': 0.1, 'crop_r0': 70, 'crop_c0': 50}
         val_loss=0.5850  (2078s)
[ 37/162] {'lr': 0.001, 'batch_size': 16, 'bin_loss_w': 0.3, 'crop_r0': 30, 'crop_c0': 0}
         val_loss=0.5926  (2059s)
[ 38/162] {'lr': 0.001, 'batch_size': 16, 'bin_loss_w': 0.3, 'crop_r0': 30, 'crop_c0': 24}
         val_loss=0.5899  (2067s)
[ 39/162] {'lr': 0.001, 'batch_size': 16, 'bin_loss_w': 0.3, 'crop_r0': 30, 'crop_c0': 50}
         val_loss=0.6100  (2066s)
[ 40/162] {'lr': 0.001, 'batch_size': 16, 'bin_loss_w': 0.3, 'crop_r0': 49, 'crop_c0': 0}
         val_loss=0.5975  (2083s)
[ 41/162] {'lr': 0.001, 'batch_size': 16, 'bin_loss_w': 0.3, 'crop_r0': 49, 'crop_c0': 24}
