Indexed 26280 input files.
Building train/val split (this may take a minute) …
  pool=21144  train=16915  val=4229
Loading cached norm stats from /cluster/tufts/c26sp1cs0137/ashen05/norm_stats.pt
  in_channels=42

Training on cuda  —  50 epochs
───────────────────────────────────────────────────────
Epoch 01/50  train cont=0.8093 bin=0.0969  val cont=0.7273 bin=0.0836  (474s)
  ✓ Saved best model (val_loss=0.7356)
Epoch 02/50  train cont=0.7435 bin=0.0880  val cont=0.6506 bin=0.0833  (451s)
  ✓ Saved best model (val_loss=0.6590)
Epoch 03/50  train cont=0.6961 bin=0.0874  val cont=0.6380 bin=0.0834  (478s)
  ✓ Saved best model (val_loss=0.6464)
Epoch 04/50  train cont=0.6708 bin=0.0844  val cont=0.7175 bin=0.0810  (445s)
Epoch 05/50  train cont=0.6493 bin=0.0871  val cont=0.5951 bin=0.0790  (445s)
  ✓ Saved best model (val_loss=0.6030)
Epoch 06/50  train cont=0.6373 bin=0.0867  val cont=0.5667 bin=0.0800  (442s)
  ✓ Saved best model (val_loss=0.5747)
Epoch 07/50  train cont=0.6030 bin=0.0850  val cont=0.5745 bin=0.0802  (442s)
Epoch 08/50  train cont=0.5914 bin=0.0858  val cont=0.5663 bin=0.0772  (439s)
  ✓ Saved best model (val_loss=0.5741)
Epoch 09/50  train cont=0.5654 bin=0.0838  val cont=0.5375 bin=0.0765  (443s)
  ✓ Saved best model (val_loss=0.5452)
Epoch 10/50  train cont=0.5494 bin=0.0820  val cont=0.5282 bin=0.0740  (464s)
  ✓ Saved best model (val_loss=0.5356)
Epoch 11/50  train cont=0.5419 bin=0.0820  val cont=0.5053 bin=0.0728  (460s)
  ✓ Saved best model (val_loss=0.5126)
Epoch 12/50  train cont=0.5173 bin=0.0776  val cont=0.5182 bin=0.0743  (462s)
Epoch 13/50  train cont=0.5118 bin=0.0772  val cont=0.5056 bin=0.0701  (449s)
Epoch 14/50  train cont=0.4938 bin=0.0763  val cont=0.4944 bin=0.0669  (452s)
  ✓ Saved best model (val_loss=0.5011)
Epoch 15/50  train cont=0.4719 bin=0.0733  val cont=0.4720 bin=0.0665  (466s)
  ✓ Saved best model (val_loss=0.4787)
Epoch 16/50  train cont=0.4694 bin=0.0724  val cont=0.4669 bin=0.0676  (471s)
  ✓ Saved best model (val_loss=0.4737)
Epoch 17/50  train cont=0.4536 bin=0.0719  val cont=0.4537 bin=0.0621  (466s)
  ✓ Saved best model (val_loss=0.4600)
Epoch 18/50  train cont=0.4399 bin=0.0684  val cont=0.4301 bin=0.0620  (443s)
  ✓ Saved best model (val_loss=0.4363)
Epoch 19/50  train cont=0.4316 bin=0.0673  val cont=0.4296 bin=0.0622  (438s)
  ✓ Saved best model (val_loss=0.4358)
Epoch 20/50  train cont=0.4289 bin=0.0674  val cont=0.4330 bin=0.0585  (446s)
Epoch 21/50  train cont=0.4188 bin=0.0649  val cont=0.4101 bin=0.0608  (461s)
  ✓ Saved best model (val_loss=0.4162)
Epoch 22/50  train cont=0.4039 bin=0.0627  val cont=0.3903 bin=0.0591  (443s)
  ✓ Saved best model (val_loss=0.3962)
Epoch 23/50  train cont=0.3976 bin=0.0619  val cont=0.3816 bin=0.0562  (442s)
  ✓ Saved best model (val_loss=0.3873)
Epoch 24/50  train cont=0.3875 bin=0.0581  val cont=0.3889 bin=0.0575  (440s)
Epoch 25/50  train cont=0.3708 bin=0.0550  val cont=0.3710 bin=0.0597  (435s)
  ✓ Saved best model (val_loss=0.3770)
Epoch 26/50  train cont=0.3579 bin=0.0540  val cont=0.3851 bin=0.0595  (441s)
Epoch 27/50  train cont=0.3595 bin=0.0557  val cont=0.3637 bin=0.0554  (439s)
  ✓ Saved best model (val_loss=0.3693)
Epoch 28/50  train cont=0.3552 bin=0.0535  val cont=0.3558 bin=0.0601  (442s)
  ✓ Saved best model (val_loss=0.3618)
Epoch 29/50  train cont=0.3496 bin=0.0518  val cont=0.3543 bin=0.0531  (438s)
  ✓ Saved best model (val_loss=0.3596)
Epoch 30/50  train cont=0.3333 bin=0.0490  val cont=0.3683 bin=0.0590  (435s)
Epoch 31/50  train cont=0.3209 bin=0.0477  val cont=0.3524 bin=0.0609  (439s)
  ✓ Saved best model (val_loss=0.3585)
Epoch 32/50  train cont=0.3234 bin=0.0468  val cont=0.3420 bin=0.0547  (432s)
  ✓ Saved best model (val_loss=0.3474)
Epoch 33/50  train cont=0.3114 bin=0.0478  val cont=0.3302 bin=0.0553  (430s)
  ✓ Saved best model (val_loss=0.3357)
Epoch 34/50  train cont=0.3257 bin=0.0457  val cont=0.3316 bin=0.0540  (440s)
Epoch 35/50  train cont=0.3056 bin=0.0455  val cont=0.3236 bin=0.0530  (436s)
  ✓ Saved best model (val_loss=0.3289)
Epoch 36/50  train cont=0.2907 bin=0.0433  val cont=0.3232 bin=0.0567  (438s)
  ✓ Saved best model (val_loss=0.3289)
Epoch 37/50  train cont=0.2880 bin=0.0431  val cont=0.3227 bin=0.0553  (432s)
  ✓ Saved best model (val_loss=0.3282)
Epoch 38/50  train cont=0.2786 bin=0.0420  val cont=0.3140 bin=0.0542  (439s)
  ✓ Saved best model (val_loss=0.3195)
Epoch 39/50  train cont=0.2738 bin=0.0372  val cont=0.3101 bin=0.0540  (435s)
  ✓ Saved best model (val_loss=0.3155)
Epoch 40/50  train cont=0.2739 bin=0.0403  val cont=0.3066 bin=0.0549  (432s)
  ✓ Saved best model (val_loss=0.3121)
Epoch 41/50  train cont=0.2724 bin=0.0378  val cont=0.3062 bin=0.0538  (436s)
  ✓ Saved best model (val_loss=0.3116)
Epoch 42/50  train cont=0.2734 bin=0.0382  val cont=0.2950 bin=0.0539  (431s)
  ✓ Saved best model (val_loss=0.3004)
Epoch 43/50  train cont=0.2615 bin=0.0366  val cont=0.2982 bin=0.0539  (439s)
Epoch 44/50  train cont=0.2626 bin=0.0370  val cont=0.3047 bin=0.0540  (433s)
Epoch 45/50  train cont=0.2596 bin=0.0359  val cont=0.2959 bin=0.0529  (436s)
Epoch 46/50  train cont=0.2590 bin=0.0364  val cont=0.2964 bin=0.0536  (432s)
Epoch 47/50  train cont=0.2700 bin=0.0364  val cont=0.2934 bin=0.0532  (436s)
  ✓ Saved best model (val_loss=0.2987)
Epoch 48/50  train cont=0.2737 bin=0.0376  val cont=0.3004 bin=0.0532  (436s)
Epoch 49/50  train cont=0.2644 bin=0.0406  val cont=0.2930 bin=0.0543  (428s)
  ✓ Saved best model (val_loss=0.2984)
Epoch 50/50  train cont=0.2567 bin=0.0367  val cont=0.3034 bin=0.0546  (442s)

Done. Best val loss = 0.2984
Model  → /cluster/tufts/c26sp1cs0137/ashen05/best_model_20260325_093116.pt
Norms  → /cluster/tufts/c26sp1cs0137/ashen05/norm_stats.pt
