Indexed 26280 input files.
Building train/val split ...
  pool=21144  train=16915  val=4229
Loading cached norm stats from /cluster/tufts/c26sp1cs0137/ashen05/norm_stats.pt
  in_channels=42
  binary label: pos=337 neg=16578 pos_weight=49.2

Training on cuda  --  20 epochs
---------------------------------------------------------------------------
Epoch 01/20  train [0.7151 + 0.9657 + 1.4428]  val [0.6432 + 1.1021 + 1.3144]  lr=3.0e-04  (562s)
  Saved best model (val_loss=1.5886)
Epoch 02/20  train [0.6382 + 0.9437 + 1.3574]  val [0.5558 + 1.0948 + 1.0333]  lr=3.0e-04  (561s)
  Saved best model (val_loss=1.4132)
Epoch 03/20  train [0.6052 + 0.9573 + 1.3093]  val [0.5159 + 1.0999 + 1.1149]  lr=3.0e-04  (557s)
  Saved best model (val_loss=1.4003)
Epoch 04/20  train [0.5772 + 0.9468 + 1.2866]  val [0.4911 + 1.0764 + 0.9223]  lr=3.0e-04  (561s)
  Saved best model (val_loss=1.3060)
Epoch 05/20  train [0.5566 + 0.9366 + 1.2043]  val [0.4565 + 1.0743 + 0.9896]  lr=3.0e-04  (557s)
  Saved best model (val_loss=1.2905)
Epoch 06/20  train [0.5320 + 0.9433 + 1.2013]  val [0.4457 + 1.0689 + 1.1304]  lr=3.0e-04  (555s)
Epoch 07/20  train [0.5113 + 0.9249 + 1.0899]  val [0.4274 + 1.0691 + 1.2911]  lr=3.0e-04  (553s)
Epoch 08/20  train [0.4943 + 0.9466 + 1.1057]  val [0.4201 + 1.0434 + 0.8768]  lr=3.0e-04  (555s)
  Saved best model (val_loss=1.2048)
Epoch 09/20  train [0.4792 + 0.8923 + 1.1347]  val [0.3850 + 1.0281 + 0.9552]  lr=3.0e-04  (553s)
  Saved best model (val_loss=1.1857)
Epoch 10/20  train [0.4649 + 0.9053 + 1.0495]  val [0.4262 + 1.0254 + 0.8122]  lr=3.0e-04  (555s)
  Saved best model (val_loss=1.1826)
Epoch 11/20  train [0.4502 + 0.9079 + 0.9747]  val [0.3965 + 1.0250 + 1.1747]  lr=3.0e-04  (554s)
Epoch 12/20  train [0.4411 + 0.9065 + 0.9679]  val [0.3694 + 1.0062 + 1.0490]  lr=3.0e-04  (556s)
Epoch 13/20  train [0.4240 + 0.8526 + 0.8846]  val [0.3665 + 1.0178 + 1.0269]  lr=3.0e-04  (554s)
Epoch 14/20  train [0.4129 + 0.8771 + 0.9148]  val [0.3506 + 0.9973 + 1.1448]  lr=3.0e-04  (556s)
Epoch 15/20  train [0.3726 + 0.8547 + 0.8014]  val [0.3147 + 0.9643 + 1.0275]  lr=1.5e-04  (559s)
  Saved best model (val_loss=1.1051)
Epoch 16/20  train [0.3620 + 0.7805 + 0.6940]  val [0.3060 + 0.9283 + 1.1526]  lr=1.5e-04  (564s)
Epoch 17/20  train [0.3525 + 0.7916 + 0.7136]  val [0.2842 + 0.9169 + 1.2787]  lr=1.5e-04  (556s)
Epoch 18/20  train [0.3446 + 0.7720 + 0.6986]  val [0.2890 + 0.9428 + 1.3579]  lr=1.5e-04  (555s)
Epoch 19/20  train [0.3344 + 0.7826 + 0.7624]  val [0.2872 + 0.9168 + 1.2352]  lr=1.5e-04  (551s)
Epoch 20/20  train [0.3086 + 0.7267 + 0.5293]  val [0.2570 + 0.8919 + 1.4053]  lr=7.5e-05  (556s)

Done. Best val loss = 1.1051
Model  -> /cluster/tufts/c26sp1cs0137/ashen05/best_model_20260325_124400.pt
Norms  -> /cluster/tufts/c26sp1cs0137/ashen05/norm_stats.pt
