==============================================
  Job ID      : 385953
  Task ID     : 0
  Label       : only_wind_u
  Node        : pax050
  Start time  : Tue Mar 31 23:57:30 EDT 2026
==============================================
--- GPU ---
Tue Mar 31 23:57:31 2026       
+-----------------------------------------------------------------------------------------+
| NVIDIA-SMI 575.57.08              Driver Version: 575.57.08      CUDA Version: 12.9     |
|-----------------------------------------+------------------------+----------------------+
| GPU  Name                 Persistence-M | Bus-Id          Disp.A | Volatile Uncorr. ECC |
| Fan  Temp   Perf          Pwr:Usage/Cap |           Memory-Usage | GPU-Util  Compute M. |
|                                         |                        |               MIG M. |
|=========================================+========================+======================|
|   0  NVIDIA A100 80GB PCIe          On  |   00000000:D5:00.0 Off |                    0 |
| N/A   36C    P0             54W /  300W |       0MiB /  81920MiB |      0%      Default |
|                                         |                        |             Disabled |
+-----------------------------------------+------------------------+----------------------+
                                                                                         
+-----------------------------------------------------------------------------------------+
| Processes:                                                                              |
|  GPU   GI   CI              PID   Type   Process name                        GPU Memory |
|        ID   ID                                                               Usage      |
|=========================================================================================|
|  No running processes found                                                             |
+-----------------------------------------------------------------------------------------+

Running experiment: only_wind_u

Total timesteps : 26280
Input variables : 42
Variable list:
  [  0] TMP@2m_above_ground
  [  1] RH@2m_above_ground
  [  2] UGRD@10m_above_ground
  [  3] VGRD@10m_above_ground
  [  4] GUST@surface
  [  5] DSWRF@surface
  [  6] APCP_1hr_acc_fcst@surface
  [  7] CAPE@surface
  [  8] DPT@1000mb
  [  9] DPT@500mb
  [ 10] DPT@700mb
  [ 11] DPT@850mb
  [ 12] DPT@925mb
  [ 13] HGT@1000mb
  [ 14] HGT@500mb
  [ 15] HGT@700mb
  [ 16] HGT@850mb
  [ 17] HGT@surface
  [ 18] TMP@1000mb
  [ 19] TMP@500mb
  [ 20] TMP@700mb
  [ 21] TMP@850mb
  [ 22] TMP@925mb
  [ 23] UGRD@1000mb
  [ 24] UGRD@250mb
  [ 25] UGRD@500mb
  [ 26] UGRD@700mb
  [ 27] UGRD@850mb
  [ 28] UGRD@925mb
  [ 29] VGRD@1000mb
  [ 30] VGRD@250mb
  [ 31] VGRD@500mb
  [ 32] VGRD@700mb
  [ 33] VGRD@850mb
  [ 34] VGRD@925mb
  [ 35] TCDC@entire_atmosphere
  [ 36] HCDC@high_cloud_layer
  [ 37] MCDC@middle_cloud_layer
  [ 38] LCDC@low_cloud_layer
  [ 39] PWAT@entire_atmosphere_single_layer
  [ 40] RHPW@entire_atmosphere
  [ 41] VIL@entire_atmosphere

Group assignments:
  temperature         :   6 channels  [0, 18, 19, 20, 21, 22]
  humidity            :   7 channels  [1, 8, 9, 10, 11, 12]...
  wind_u              :   7 channels  [2, 23, 24, 25, 26, 27]...
  wind_v              :   7 channels  [3, 29, 30, 31, 32, 33]...
  wind_gust           :   1 channels  [4]
  precipitation       :   1 channels  [6]
  pressure            :   5 channels  [13, 14, 15, 16, 17]
  clouds_rad          :   5 channels  [5, 35, 36, 37, 38]
  other               :   3 channels  [7, 39, 41]

Total experiments to run: 19
  all_features                             (42 channels)
  drop_temperature                         (36 channels)
  drop_humidity                            (35 channels)
  drop_wind_u                              (35 channels)
  drop_wind_v                              (35 channels)
  drop_wind_gust                           (41 channels)
  drop_precipitation                       (41 channels)
  drop_pressure                            (37 channels)
  drop_clouds_rad                          (37 channels)
  drop_other                               (39 channels)
  only_temperature                         (6 channels)
  only_humidity                            (7 channels)
  only_wind_u                              (7 channels)
  only_wind_v                              (7 channels)
  only_wind_gust                           (1 channels)
  only_precipitation                       (1 channels)
  only_pressure                            (5 channels)
  only_clouds_rad                          (5 channels)
  only_other                               (3 channels)

Indexed 47952 input files.
Building splits …
  train=16915  val=4229  test=4584
Loading cached norm stats from /cluster/tufts/c26sp1cs0137/ashen05/ablation/ablation_norm_stats.pt

Resuming — 12 experiments already done.
  Skipping all_features (already complete)
  Skipping drop_temperature (already complete)
  Skipping drop_humidity (already complete)
  Skipping drop_wind_u (already complete)
  Skipping drop_wind_v (already complete)
  Skipping drop_wind_gust (already complete)
  Skipping drop_precipitation (already complete)
  Skipping drop_pressure (already complete)
  Skipping drop_clouds_rad (already complete)
  Skipping drop_other (already complete)
  Skipping only_temperature (already complete)
  Skipping only_humidity (already complete)

  Checkpoint exists for 'only_wind_u', skipping training.

  Results — only_wind_u  (7 channels)
  ────────────────────────────────────────────────────────
    TMP@2m_above_ground                         RMSE:   6.4375
    RH@2m_above_ground                          RMSE:  17.3962
    UGRD@10m_above_ground                       RMSE:   2.5685
    VGRD@10m_above_ground                       RMSE:   2.5404
    GUST@surface                                RMSE:   3.6706
    APCP_1hr_acc_fcst@surface                   RMSE:   0.7592
    APCP (true>2mm)                             RMSE:   4.5411  [n=83]
    APCP binary                                  AUC:   0.6447
  Saved → /cluster/tufts/c26sp1cs0137/ashen05/ablation/ablation_results.json

==============================================================
  Experiment : only_wind_v  (7 channels)
==============================================================
  Ep 01/50  tr=0.9138/0.0960  val=0.8408/0.0854  (333s)
    checkpointed (val=0.8493)
  Ep 02/50  tr=0.8426/0.0893  val=0.8165/0.0841  (299s)
    checkpointed (val=0.8249)
  Ep 03/50  tr=0.8087/0.0896  val=0.7837/0.0847  (297s)
    checkpointed (val=0.7921)
  Ep 04/50  tr=0.7666/0.0899  val=0.7176/0.0822  (285s)
    checkpointed (val=0.7258)
  Ep 05/50  tr=0.7392/0.0850  val=0.7141/0.0839  (287s)
    checkpointed (val=0.7225)
  Ep 06/50  tr=0.7259/0.0895  val=0.6955/0.0815  (287s)
    checkpointed (val=0.7036)
  Ep 07/50  tr=0.7068/0.0844  val=0.6819/0.0827  (299s)
    checkpointed (val=0.6901)
  Ep 08/50  tr=0.6794/0.0855  val=0.6785/0.0817  (290s)
    checkpointed (val=0.6867)
  Ep 09/50  tr=0.6728/0.0842  val=0.6477/0.0811  (293s)
    checkpointed (val=0.6558)
  Ep 10/50  tr=0.6559/0.0814  val=0.6365/0.0807  (292s)
    checkpointed (val=0.6446)
  Ep 11/50  tr=0.6497/0.0812  val=0.6400/0.0784  (293s)
  Ep 12/50  tr=0.6252/0.0796  val=0.6179/0.0812  (301s)
    checkpointed (val=0.6260)
  Ep 13/50  tr=0.6208/0.0802  val=0.6051/0.0820  (290s)
    checkpointed (val=0.6133)
  Ep 14/50  tr=0.6125/0.0834  val=0.6000/0.0851  (293s)
    checkpointed (val=0.6085)
  Ep 15/50  tr=0.6042/0.0795  val=0.6192/0.0777  (291s)
  Ep 16/50  tr=0.6062/0.0815  val=0.5919/0.0772  (288s)
    checkpointed (val=0.5996)
  Ep 17/50  tr=0.5800/0.0766  val=0.5625/0.0750  (287s)
    checkpointed (val=0.5700)
  Ep 18/50  tr=0.5616/0.0766  val=0.5682/0.0809  (296s)
  Ep 19/50  tr=0.5506/0.0728  val=0.5685/0.0773  (298s)
  Ep 20/50  tr=0.5392/0.0741  val=0.5371/0.0751  (304s)
    checkpointed (val=0.5446)
  Ep 21/50  tr=0.5167/0.0729  val=0.5291/0.0731  (297s)
    checkpointed (val=0.5364)
  Ep 22/50  tr=0.5134/0.0705  val=0.5223/0.0739  (291s)
    checkpointed (val=0.5297)
  Ep 23/50  tr=0.5076/0.0688  val=0.5249/0.0744  (294s)
  Ep 24/50  tr=0.4876/0.0715  val=0.5039/0.0703  (303s)
    checkpointed (val=0.5110)
  Ep 25/50  tr=0.4838/0.0658  val=0.5118/0.0712  (289s)
  Ep 26/50  tr=0.4643/0.0665  val=0.4887/0.0689  (289s)
    checkpointed (val=0.4956)
  Ep 27/50  tr=0.4706/0.0639  val=0.4796/0.0717  (295s)
    checkpointed (val=0.4867)
  Ep 28/50  tr=0.4418/0.0644  val=0.4606/0.0703  (289s)
    checkpointed (val=0.4676)
  Ep 29/50  tr=0.4556/0.0613  val=0.4519/0.0689  (293s)
    checkpointed (val=0.4588)
  Ep 30/50  tr=0.4276/0.0613  val=0.4571/0.0692  (289s)
  Ep 31/50  tr=0.4229/0.0562  val=0.4458/0.0661  (294s)
    checkpointed (val=0.4524)
  Ep 32/50  tr=0.4125/0.0559  val=0.4309/0.0657  (286s)
    checkpointed (val=0.4374)
  Ep 33/50  tr=0.4077/0.0572  val=0.4333/0.0655  (294s)
  Ep 34/50  tr=0.3955/0.0523  val=0.4269/0.0710  (285s)
    checkpointed (val=0.4340)
  Ep 35/50  tr=0.3877/0.0541  val=0.4106/0.0643  (289s)
    checkpointed (val=0.4171)
  Ep 36/50  tr=0.3788/0.0520  val=0.3967/0.0624  (297s)
    checkpointed (val=0.4030)
  Ep 37/50  tr=0.3665/0.0520  val=0.4032/0.0631  (289s)
  Ep 38/50  tr=0.3663/0.0487  val=0.3972/0.0621  (291s)
  Ep 39/50  tr=0.3595/0.0484  val=0.3940/0.0618  (293s)
    checkpointed (val=0.4002)
  Ep 40/50  tr=0.3596/0.0498  val=0.3880/0.0615  (293s)
    checkpointed (val=0.3941)
  Ep 41/50  tr=0.3406/0.0464  val=0.3892/0.0614  (292s)
  Ep 42/50  tr=0.3489/0.0466  val=0.3927/0.0617  (289s)
  Ep 43/50  tr=0.3348/0.0454  val=0.3822/0.0620  (290s)
    checkpointed (val=0.3884)
  Ep 44/50  tr=0.3480/0.0477  val=0.3771/0.0606  (291s)
    checkpointed (val=0.3831)
  Ep 45/50  tr=0.3342/0.0466  val=0.3825/0.0608  (291s)
  Ep 46/50  tr=0.3444/0.0448  val=0.3822/0.0604  (285s)
  Ep 47/50  tr=0.3248/0.0417  val=0.3739/0.0607  (289s)
    checkpointed (val=0.3800)
  Ep 48/50  tr=0.3264/0.0459  val=0.3731/0.0605  (287s)
    checkpointed (val=0.3792)
  Ep 49/50  tr=0.3488/0.0448  val=0.3748/0.0599  (284s)
  Ep 50/50  tr=0.3325/0.0426  val=0.3722/0.0608  (288s)
    checkpointed (val=0.3783)
  Best val loss: 0.3783

  Results — only_wind_v  (7 channels)
  ────────────────────────────────────────────────────────
    TMP@2m_above_ground                         RMSE:   5.1480
    RH@2m_above_ground                          RMSE:  18.1471
    UGRD@10m_above_ground                       RMSE:   2.5407
    VGRD@10m_above_ground                       RMSE:   2.3112
    GUST@surface                                RMSE:   3.6021
    APCP_1hr_acc_fcst@surface                   RMSE:   0.7774
    APCP (true>2mm)                             RMSE:   4.5420  [n=83]
    APCP binary                                  AUC:   0.6572
  Saved → /cluster/tufts/c26sp1cs0137/ashen05/ablation/ablation_results.json

  Checkpoint exists for 'only_wind_gust', skipping training.

  Results — only_wind_gust  (1 channels)
  ────────────────────────────────────────────────────────
    TMP@2m_above_ground                         RMSE:   5.9760
    RH@2m_above_ground                          RMSE:  19.9192
    UGRD@10m_above_ground                       RMSE:   2.8322
    VGRD@10m_above_ground                       RMSE:   2.4031
    GUST@surface                                RMSE:   3.8034
    APCP_1hr_acc_fcst@surface                   RMSE:   0.7705
    APCP (true>2mm)                             RMSE:   4.5402  [n=83]
    APCP binary                                  AUC:   0.7141
  Saved → /cluster/tufts/c26sp1cs0137/ashen05/ablation/ablation_results.json

  Checkpoint exists for 'only_precipitation', skipping training.

  Results — only_precipitation  (1 channels)
  ────────────────────────────────────────────────────────
    TMP@2m_above_ground                         RMSE:  10.5671
    RH@2m_above_ground                          RMSE:  24.3432
    UGRD@10m_above_ground                       RMSE:   3.3080
    VGRD@10m_above_ground                       RMSE:   2.6171
    GUST@surface                                RMSE:   4.1453
    APCP_1hr_acc_fcst@surface                   RMSE:   0.7675
    APCP (true>2mm)                             RMSE:   4.6189  [n=83]
    APCP binary                                  AUC:   0.5254
  Saved → /cluster/tufts/c26sp1cs0137/ashen05/ablation/ablation_results.json

  Checkpoint exists for 'only_pressure', skipping training.

  Results — only_pressure  (5 channels)
  ────────────────────────────────────────────────────────
    TMP@2m_above_ground                         RMSE:   4.3354
    RH@2m_above_ground                          RMSE:  17.4952
    UGRD@10m_above_ground                       RMSE:   2.6216
    VGRD@10m_above_ground                       RMSE:   2.2770
    GUST@surface                                RMSE:   3.6374
    APCP_1hr_acc_fcst@surface                   RMSE:   0.7627
    APCP (true>2mm)                             RMSE:   4.5936  [n=83]
    APCP binary                                  AUC:   0.6211
  Saved → /cluster/tufts/c26sp1cs0137/ashen05/ablation/ablation_results.json

==============================================================
  Experiment : only_clouds_rad  (5 channels)
==============================================================
  Ep 01/50  tr=0.9408/0.0972  val=0.9140/0.0875  (277s)
    checkpointed (val=0.9228)
  Ep 02/50  tr=0.8898/0.0956  val=0.8606/0.0836  (273s)
    checkpointed (val=0.8690)
  Ep 03/50  tr=0.8678/0.0948  val=0.8342/0.0826  (274s)
    checkpointed (val=0.8424)
  Ep 04/50  tr=0.8416/0.0893  val=0.8427/0.0820  (275s)
  Ep 05/50  tr=0.8213/0.0884  val=0.8156/0.0884  (277s)
    checkpointed (val=0.8244)
  Ep 06/50  tr=0.8219/0.0877  val=0.8010/0.0818  (271s)
    checkpointed (val=0.8092)
  Ep 07/50  tr=0.8072/0.0898  val=0.7921/0.0818  (277s)
    checkpointed (val=0.8003)
  Ep 08/50  tr=0.7937/0.0876  val=0.7883/0.0890  (271s)
    checkpointed (val=0.7972)
  Ep 09/50  tr=0.7880/0.0868  val=0.7707/0.0827  (270s)
    checkpointed (val=0.7789)
  Ep 10/50  tr=0.7878/0.0868  val=0.7690/0.0830  (276s)
    checkpointed (val=0.7773)
  Ep 11/50  tr=0.7726/0.0867  val=0.7609/0.0841  (274s)
    checkpointed (val=0.7693)
  Ep 12/50  tr=0.7647/0.0867  val=0.7630/0.0832  (276s)
  Ep 13/50  tr=0.7616/0.0848  val=0.7762/0.0810  (274s)
  Ep 14/50  tr=0.7547/0.0844  val=0.7516/0.0800  (272s)
    checkpointed (val=0.7596)
  Ep 15/50  tr=0.7570/0.0875  val=0.7684/0.0922  (271s)
  Ep 16/50  tr=0.7524/0.0828  val=0.7512/0.0802  (274s)
    checkpointed (val=0.7592)
  Ep 17/50  tr=0.7375/0.0839  val=0.7497/0.0802  (273s)
    checkpointed (val=0.7577)
  Ep 18/50  tr=0.7322/0.0823  val=0.7390/0.0809  (276s)
    checkpointed (val=0.7471)
  Ep 19/50  tr=0.7257/0.0847  val=0.7375/0.0807  (272s)
    checkpointed (val=0.7456)
  Ep 20/50  tr=0.7142/0.0823  val=0.7260/0.0809  (275s)
    checkpointed (val=0.7341)
  Ep 21/50  tr=0.7022/0.0815  val=0.7242/0.0800  (275s)
    checkpointed (val=0.7322)
  Ep 22/50  tr=0.7147/0.0844  val=0.7163/0.0814  (271s)
    checkpointed (val=0.7245)
  Ep 23/50  tr=0.6959/0.0811  val=0.7202/0.0808  (270s)
  Ep 24/50  tr=0.7004/0.0825  val=0.7140/0.0825  (277s)
    checkpointed (val=0.7222)
  Ep 25/50  tr=0.6806/0.0809  val=0.7197/0.0821  (277s)
  Ep 26/50  tr=0.6796/0.0778  val=0.7030/0.0803  (274s)
    checkpointed (val=0.7110)
  Ep 27/50  tr=0.6613/0.0786  val=0.6996/0.0789  (272s)
    checkpointed (val=0.7075)
  Ep 28/50  tr=0.6693/0.0795  val=0.7080/0.0791  (271s)
  Ep 29/50  tr=0.6718/0.0782  val=0.7054/0.0795  (272s)
  Ep 30/50  tr=0.6484/0.0783  val=0.7015/0.0810  (273s)
  Ep 31/50  tr=0.6461/0.0762  val=0.6946/0.0810  (272s)
    checkpointed (val=0.7027)
  Ep 32/50  tr=0.6269/0.0765  val=0.6907/0.0808  (276s)
    checkpointed (val=0.6988)
  Ep 33/50  tr=0.6154/0.0752  val=0.6875/0.0790  (272s)
    checkpointed (val=0.6954)
  Ep 34/50  tr=0.6124/0.0747  val=0.6797/0.0780  (274s)
    checkpointed (val=0.6874)
  Ep 35/50  tr=0.6044/0.0733  val=0.6875/0.0795  (273s)
  Ep 36/50  tr=0.6067/0.0743  val=0.6786/0.0798  (274s)
    checkpointed (val=0.6866)
  Ep 37/50  tr=0.5843/0.0727  val=0.6784/0.0791  (271s)
    checkpointed (val=0.6863)
  Ep 38/50  tr=0.5937/0.0728  val=0.6785/0.0799  (271s)
  Ep 39/50  tr=0.5807/0.0748  val=0.6813/0.0791  (273s)
  Ep 40/50  tr=0.5696/0.0711  val=0.6757/0.0792  (274s)
    checkpointed (val=0.6836)
  Ep 41/50  tr=0.5587/0.0699  val=0.6756/0.0781  (270s)
    checkpointed (val=0.6834)
  Ep 42/50  tr=0.5567/0.0722  val=0.6691/0.0784  (273s)
    checkpointed (val=0.6770)
  Ep 43/50  tr=0.5534/0.0724  val=0.6680/0.0788  (272s)
    checkpointed (val=0.6759)
  Ep 44/50  tr=0.5479/0.0703  val=0.6691/0.0780  (273s)
  Ep 45/50  tr=0.5536/0.0679  val=0.6687/0.0781  (273s)
  Ep 46/50  tr=0.5512/0.0703  val=0.6724/0.0786  (275s)
  Ep 47/50  tr=0.5405/0.0675  val=0.6691/0.0788  (271s)
  Ep 48/50  tr=0.5461/0.0682  val=0.6694/0.0785  (271s)
  Ep 49/50  tr=0.5393/0.0701  val=0.6670/0.0785  (273s)
    checkpointed (val=0.6749)
  Ep 50/50  tr=0.5437/0.0708  val=0.6761/0.0787  (273s)
  Best val loss: 0.6749

  Results — only_clouds_rad  (5 channels)
  ────────────────────────────────────────────────────────
    TMP@2m_above_ground                         RMSE:   9.5281
    RH@2m_above_ground                          RMSE:  21.9446
    UGRD@10m_above_ground                       RMSE:   3.0270
    VGRD@10m_above_ground                       RMSE:   2.6642
    GUST@surface                                RMSE:   4.0295
    APCP_1hr_acc_fcst@surface                   RMSE:   0.7781
    APCP (true>2mm)                             RMSE:   4.3601  [n=83]
    APCP binary                                  AUC:   0.7247
  Saved → /cluster/tufts/c26sp1cs0137/ashen05/ablation/ablation_results.json

  Checkpoint exists for 'only_other', skipping training.

  Results — only_other  (3 channels)
  ────────────────────────────────────────────────────────
    TMP@2m_above_ground                         RMSE:   5.1750
    RH@2m_above_ground                          RMSE:  19.6477
    UGRD@10m_above_ground                       RMSE:   2.7324
    VGRD@10m_above_ground                       RMSE:   2.4252
    GUST@surface                                RMSE:   3.5702
    APCP_1hr_acc_fcst@surface                   RMSE:   0.7567
    APCP (true>2mm)                             RMSE:   4.5392  [n=83]
    APCP binary                                  AUC:   0.7477
  Saved → /cluster/tufts/c26sp1cs0137/ashen05/ablation/ablation_results.json

CSV saved → /cluster/tufts/c26sp1cs0137/ashen05/ablation/ablation_results.csv

====================================================================================================
                                      ABLATION RESULTS SUMMARY                                      
====================================================================================================
Experiment                              #ch      TMP      RH    UGRD    VGRD    GUST   APCP>2     AUC
────────────────────────────────────────────────────────────────────────────────────────────────────
  all_features                           42   3.6726  16.710  2.7185  2.1667  3.7005   4.5075  0.6769
  drop_clouds_rad                        37   3.6983  15.770  2.5831  2.2987  3.5769   4.4765  0.7243
  drop_humidity                          35   3.6206  16.017  2.7176  2.2757  3.6274   4.4162  0.6993
  drop_other                             39   3.4145  15.732  2.6998  2.2318  3.5668   4.5675  0.6346
  drop_precipitation                     41   3.6693  16.450  2.5933  2.3079  3.6514   4.5031  0.6067
  drop_pressure                          37   3.4876  16.053  2.5393  2.2921  3.6739   4.5529  0.5622
  drop_temperature                       36   3.5093  15.866  2.6577  2.1592  3.6491   4.4645  0.6797
  drop_wind_gust                         41   3.7030  16.567  2.6725  2.2156  3.6106   4.5828  0.5861
  drop_wind_u                            35   3.7945  16.209  2.6111  2.3236  3.5834   4.4573  0.7189
  drop_wind_v                            35   3.8183  17.643  2.9433  2.2949  3.8427   4.6054  0.6057
  only_clouds_rad                         5   9.5281  21.945  3.0270  2.6642  4.0295   4.3601  0.7247
  only_humidity                           7   4.1202  19.423  2.9761  2.5501  3.9696   4.5356  0.7271
  only_other                              3   5.1750  19.648  2.7324  2.4252  3.5702   4.5392  0.7477
  only_precipitation                      1  10.5671  24.343  3.3080  2.6171  4.1453   4.6189  0.5254
  only_pressure                           5   4.3354  17.495  2.6216  2.2770  3.6374   4.5936  0.6211
  only_temperature                        6   4.1597  19.503  2.9543  2.5219  3.8659   4.5397  0.6279
  only_wind_gust                          1   5.9760  19.919  2.8322  2.4031  3.8034   4.5402  0.7141
  only_wind_u                             7   6.4375  17.396  2.5685  2.5404  3.6706   4.5411  0.6447
  only_wind_v                             7   5.1480  18.147  2.5407  2.3112  3.6021   4.5420  0.6572

Outputs in: /cluster/tufts/c26sp1cs0137/ashen05/ablation

DONE: only_wind_u
End time: Wed Apr  1 07:57:34 EDT 2026
