==============================================
  Job ID      : 386178
  Task ID     : 4
  Label       : only_pressure
  Node        : pax051
  Start time  : Wed Apr  1 02:14:23 EDT 2026
==============================================
--- GPU ---
Wed Apr  1 02:14:23 2026       
+-----------------------------------------------------------------------------------------+
| NVIDIA-SMI 575.57.08              Driver Version: 575.57.08      CUDA Version: 12.9     |
|-----------------------------------------+------------------------+----------------------+
| GPU  Name                 Persistence-M | Bus-Id          Disp.A | Volatile Uncorr. ECC |
| Fan  Temp   Perf          Pwr:Usage/Cap |           Memory-Usage | GPU-Util  Compute M. |
|                                         |                        |               MIG M. |
|=========================================+========================+======================|
|   0  NVIDIA A100-PCIE-40GB          On  |   00000000:1B:00.0 Off |                    0 |
| N/A   34C    P0             41W /  250W |       0MiB /  40960MiB |      0%      Default |
|                                         |                        |             Disabled |
+-----------------------------------------+------------------------+----------------------+
                                                                                         
+-----------------------------------------------------------------------------------------+
| Processes:                                                                              |
|  GPU   GI   CI              PID   Type   Process name                        GPU Memory |
|        ID   ID                                                               Usage      |
|=========================================================================================|
|  No running processes found                                                             |
+-----------------------------------------------------------------------------------------+

Running experiment: only_pressure

Total timesteps : 26280
Input variables : 42
Variable list:
  [  0] TMP@2m_above_ground
  [  1] RH@2m_above_ground
  [  2] UGRD@10m_above_ground
  [  3] VGRD@10m_above_ground
  [  4] GUST@surface
  [  5] DSWRF@surface
  [  6] APCP_1hr_acc_fcst@surface
  [  7] CAPE@surface
  [  8] DPT@1000mb
  [  9] DPT@500mb
  [ 10] DPT@700mb
  [ 11] DPT@850mb
  [ 12] DPT@925mb
  [ 13] HGT@1000mb
  [ 14] HGT@500mb
  [ 15] HGT@700mb
  [ 16] HGT@850mb
  [ 17] HGT@surface
  [ 18] TMP@1000mb
  [ 19] TMP@500mb
  [ 20] TMP@700mb
  [ 21] TMP@850mb
  [ 22] TMP@925mb
  [ 23] UGRD@1000mb
  [ 24] UGRD@250mb
  [ 25] UGRD@500mb
  [ 26] UGRD@700mb
  [ 27] UGRD@850mb
  [ 28] UGRD@925mb
  [ 29] VGRD@1000mb
  [ 30] VGRD@250mb
  [ 31] VGRD@500mb
  [ 32] VGRD@700mb
  [ 33] VGRD@850mb
  [ 34] VGRD@925mb
  [ 35] TCDC@entire_atmosphere
  [ 36] HCDC@high_cloud_layer
  [ 37] MCDC@middle_cloud_layer
  [ 38] LCDC@low_cloud_layer
  [ 39] PWAT@entire_atmosphere_single_layer
  [ 40] RHPW@entire_atmosphere
  [ 41] VIL@entire_atmosphere

Group assignments:
  temperature         :   6 channels  [0, 18, 19, 20, 21, 22]
  humidity            :   7 channels  [1, 8, 9, 10, 11, 12]...
  wind_u              :   7 channels  [2, 23, 24, 25, 26, 27]...
  wind_v              :   7 channels  [3, 29, 30, 31, 32, 33]...
  wind_gust           :   1 channels  [4]
  precipitation       :   1 channels  [6]
  pressure            :   5 channels  [13, 14, 15, 16, 17]
  clouds_rad          :   5 channels  [5, 35, 36, 37, 38]
  other               :   3 channels  [7, 39, 41]

Total experiments to run: 19
  all_features                             (42 channels)
  drop_temperature                         (36 channels)
  drop_humidity                            (35 channels)
  drop_wind_u                              (35 channels)
  drop_wind_v                              (35 channels)
  drop_wind_gust                           (41 channels)
  drop_precipitation                       (41 channels)
  drop_pressure                            (37 channels)
  drop_clouds_rad                          (37 channels)
  drop_other                               (39 channels)
  only_temperature                         (6 channels)
  only_humidity                            (7 channels)
  only_wind_u                              (7 channels)
  only_wind_v                              (7 channels)
  only_wind_gust                           (1 channels)
  only_precipitation                       (1 channels)
  only_pressure                            (5 channels)
  only_clouds_rad                          (5 channels)
  only_other                               (3 channels)

Indexed 47952 input files.
Building splits …
  train=16915  val=4229  test=4584
Loading cached norm stats from /cluster/tufts/c26sp1cs0137/ashen05/ablation/ablation_norm_stats.pt

Resuming — 14 experiments already done.
  Skipping all_features (already complete)
  Skipping drop_temperature (already complete)
  Skipping drop_humidity (already complete)
  Skipping drop_wind_u (already complete)
  Skipping drop_wind_v (already complete)
  Skipping drop_wind_gust (already complete)
  Skipping drop_precipitation (already complete)
  Skipping drop_pressure (already complete)
  Skipping drop_clouds_rad (already complete)
  Skipping drop_other (already complete)
  Skipping only_temperature (already complete)
  Skipping only_humidity (already complete)
  Skipping only_wind_u (already complete)
  Skipping only_wind_v (already complete)

  Checkpoint exists for 'only_wind_gust', skipping training.

  Results — only_wind_gust  (1 channels)
  ────────────────────────────────────────────────────────
    TMP@2m_above_ground                         RMSE:   6.5709
    RH@2m_above_ground                          RMSE:  19.2217
    UGRD@10m_above_ground                       RMSE:   2.7534
    VGRD@10m_above_ground                       RMSE:   2.3871
    GUST@surface                                RMSE:   3.5974
    APCP_1hr_acc_fcst@surface                   RMSE:   0.7621
    APCP (true>2mm)                             RMSE:   4.5311  [n=83]
    APCP binary                                  AUC:   0.6691
  Saved → /cluster/tufts/c26sp1cs0137/ashen05/ablation/ablation_results.json

==============================================================
  Experiment : only_precipitation  (1 channels)
==============================================================
  Ep 01/50  tr=0.9707/0.1013  val=1.6236/0.0931  (374s)
    checkpointed (val=1.6329)
  Ep 02/50  tr=0.9278/0.0960  val=1.0076/0.0947  (329s)
    checkpointed (val=1.0171)
  Ep 03/50  tr=0.9017/0.0946  val=20.5901/0.2248  (336s)
  Ep 04/50  tr=0.8874/0.0918  val=0.9016/0.1026  (326s)
    checkpointed (val=0.9118)
  Ep 05/50  tr=0.8578/0.0891  val=0.8722/0.0847  (328s)
    checkpointed (val=0.8807)
  Ep 06/50  tr=0.8418/0.0892  val=3.9736/0.1018  (323s)
  Ep 07/50  tr=0.8258/0.0898  val=6.9195/0.1785  (326s)
  Ep 08/50  tr=0.8095/0.0881  val=4.0648/0.1536  (326s)
  Ep 09/50  tr=0.8177/0.0870  val=0.8478/0.0897  (331s)
    checkpointed (val=0.8567)
  Ep 10/50  tr=0.8058/0.0873  val=0.8731/0.0845  (325s)
  Ep 11/50  tr=0.7900/0.0861  val=0.8191/0.0884  (327s)
    checkpointed (val=0.8279)
  Ep 12/50  tr=0.7843/0.0846  val=0.8869/0.0856  (328s)
  Ep 13/50  tr=0.7734/0.0860  val=0.8182/0.0863  (326s)
    checkpointed (val=0.8268)
  Ep 14/50  tr=0.7480/0.0855  val=1.0482/0.1036  (325s)
  Ep 15/50  tr=0.7303/0.0839  val=0.8206/0.0882  (328s)
  Ep 16/50  tr=0.6998/0.0818  val=0.8717/0.0863  (327s)
  Ep 17/50  tr=0.6731/0.0749  val=1.2720/0.0914  (322s)
  Ep 18/50  tr=0.6422/0.0721  val=1.2415/0.0956  (323s)
  Ep 19/50  tr=0.5983/0.0652  val=1.2535/0.1134  (323s)
  Ep 20/50  tr=0.5635/0.0594  val=1.3992/0.1020  (321s)
  Ep 21/50  tr=0.5238/0.0524  val=7.1262/0.1923  (319s)
  Ep 22/50  tr=0.4903/0.0474  val=0.9881/0.1320  (320s)
  Ep 23/50  tr=0.4600/0.0400  val=0.9544/0.1090  (324s)
  Ep 24/50  tr=0.4142/0.0347  val=1.9498/0.2151  (325s)
  Ep 25/50  tr=0.3904/0.0290  val=1.3677/0.1785  (324s)
  Ep 26/50  tr=0.3660/0.0298  val=0.9227/0.1570  (322s)
  Ep 27/50  tr=0.3447/0.0298  val=0.9916/0.1911  (322s)
  Ep 28/50  tr=0.3273/0.0265  val=1.5607/0.1951  (328s)
  Ep 29/50  tr=0.3023/0.0240  val=1.3855/0.1874  (319s)
  Ep 30/50  tr=0.2933/0.0215  val=0.9144/0.2021  (324s)
  Ep 31/50  tr=0.2645/0.0205  val=0.8823/0.1458  (324s)
  Ep 32/50  tr=0.2486/0.0195  val=1.1343/0.2299  (324s)
  Ep 33/50  tr=0.2573/0.0229  val=0.9028/0.2149  (323s)
  Ep 34/50  tr=0.2358/0.0181  val=1.0589/0.1966  (323s)
  Ep 35/50  tr=0.2318/0.0172  val=5.0793/0.2782  (330s)
  Ep 36/50  tr=0.2096/0.0182  val=0.8489/0.1966  (328s)
  Ep 37/50  tr=0.2133/0.0176  val=2.3759/0.2373  (326s)
  Ep 38/50  tr=0.1970/0.0177  val=2.1362/0.2225  (329s)
  Ep 39/50  tr=0.1865/0.0179  val=2.4983/0.2272  (333s)
  Ep 40/50  tr=0.1784/0.0162  val=1.9025/0.2274  (331s)
  Ep 41/50  tr=0.1795/0.0169  val=1.0049/0.1947  (323s)
  Ep 42/50  tr=0.1739/0.0153  val=2.0181/0.2483  (327s)
  Ep 43/50  tr=0.1692/0.0152  val=1.1887/0.2497  (324s)
  Ep 44/50  tr=0.1626/0.0147  val=1.9407/0.1997  (328s)
  Ep 45/50  tr=0.1606/0.0149  val=1.9433/0.2757  (320s)
  Ep 46/50  tr=0.1635/0.0146  val=2.9401/0.2547  (331s)
  Ep 47/50  tr=0.1620/0.0137  val=3.9187/0.3089  (326s)
  Ep 48/50  tr=0.1718/0.0140  val=3.0022/0.2743  (327s)
  Ep 49/50  tr=0.1614/0.0138  val=2.7623/0.2690  (323s)
  Ep 50/50  tr=0.1587/0.0148  val=1.9163/0.2455  (331s)
  Best val loss: 0.8268

  Results — only_precipitation  (1 channels)
  ────────────────────────────────────────────────────────
    TMP@2m_above_ground                         RMSE:  10.5671
    RH@2m_above_ground                          RMSE:  24.3433
    UGRD@10m_above_ground                       RMSE:   3.3080
    VGRD@10m_above_ground                       RMSE:   2.6171
    GUST@surface                                RMSE:   4.1453
    APCP_1hr_acc_fcst@surface                   RMSE:   0.7675
    APCP (true>2mm)                             RMSE:   4.6189  [n=83]
    APCP binary                                  AUC:   0.5250
  Saved → /cluster/tufts/c26sp1cs0137/ashen05/ablation/ablation_results.json

  Checkpoint exists for 'only_pressure', skipping training.

  Results — only_pressure  (5 channels)
  ────────────────────────────────────────────────────────
    TMP@2m_above_ground                         RMSE:   4.2362
    RH@2m_above_ground                          RMSE:  17.7501
    UGRD@10m_above_ground                       RMSE:   2.5343
    VGRD@10m_above_ground                       RMSE:   2.2426
    GUST@surface                                RMSE:   3.6835
    APCP_1hr_acc_fcst@surface                   RMSE:   0.7596
    APCP (true>2mm)                             RMSE:   4.5345  [n=83]
    APCP binary                                  AUC:   0.6782
  Saved → /cluster/tufts/c26sp1cs0137/ashen05/ablation/ablation_results.json

  Checkpoint exists for 'only_clouds_rad', skipping training.

  Results — only_clouds_rad  (5 channels)
  ────────────────────────────────────────────────────────
    TMP@2m_above_ground                         RMSE:   8.7579
    RH@2m_above_ground                          RMSE:  21.2004
    UGRD@10m_above_ground                       RMSE:   2.9923
    VGRD@10m_above_ground                       RMSE:   2.5648
    GUST@surface                                RMSE:   4.0076
    APCP_1hr_acc_fcst@surface                   RMSE:   0.7613
    APCP (true>2mm)                             RMSE:   4.4563  [n=83]
    APCP binary                                  AUC:   0.7143
  Saved → /cluster/tufts/c26sp1cs0137/ashen05/ablation/ablation_results.json

  Checkpoint exists for 'only_other', skipping training.

  Results — only_other  (3 channels)
  ────────────────────────────────────────────────────────
    TMP@2m_above_ground                         RMSE:   5.3559
    RH@2m_above_ground                          RMSE:  20.4683
    UGRD@10m_above_ground                       RMSE:   2.7547
    VGRD@10m_above_ground                       RMSE:   2.4416
    GUST@surface                                RMSE:   3.6308
    APCP_1hr_acc_fcst@surface                   RMSE:   0.7574
    APCP (true>2mm)                             RMSE:   4.5510  [n=83]
    APCP binary                                  AUC:   0.7401
  Saved → /cluster/tufts/c26sp1cs0137/ashen05/ablation/ablation_results.json

CSV saved → /cluster/tufts/c26sp1cs0137/ashen05/ablation/ablation_results.csv

====================================================================================================
                                      ABLATION RESULTS SUMMARY                                      
====================================================================================================
Experiment                              #ch      TMP      RH    UGRD    VGRD    GUST   APCP>2     AUC
────────────────────────────────────────────────────────────────────────────────────────────────────
  all_features                           42   3.6726  16.710  2.7185  2.1667  3.7005   4.5075  0.6769
  drop_clouds_rad                        37   3.6983  15.770  2.5831  2.2987  3.5769   4.4765  0.7243
  drop_humidity                          35   3.6206  16.017  2.7176  2.2757  3.6274   4.4162  0.6993
  drop_other                             39   3.4145  15.732  2.6998  2.2318  3.5668   4.5675  0.6346
  drop_precipitation                     41   3.6693  16.450  2.5933  2.3079  3.6514   4.5031  0.6067
  drop_pressure                          37   3.4876  16.053  2.5393  2.2921  3.6739   4.5529  0.5622
  drop_temperature                       36   3.5093  15.866  2.6577  2.1592  3.6491   4.4645  0.6797
  drop_wind_gust                         41   3.7030  16.567  2.6725  2.2156  3.6106   4.5828  0.5861
  drop_wind_u                            35   3.7945  16.209  2.6111  2.3236  3.5834   4.4573  0.7189
  drop_wind_v                            35   3.8183  17.643  2.9433  2.2949  3.8427   4.6054  0.6057
  only_clouds_rad                         5   8.7579  21.200  2.9923  2.5648  4.0076   4.4563  0.7143
  only_humidity                           7   4.1202  19.423  2.9761  2.5501  3.9696   4.5356  0.7271
  only_other                              3   5.3559  20.468  2.7547  2.4416  3.6308   4.5510  0.7401
  only_precipitation                      1  10.5671  24.343  3.3080  2.6171  4.1453   4.6189  0.5250
  only_pressure                           5   4.2362  17.750  2.5343  2.2426  3.6835   4.5345  0.6782
  only_temperature                        6   4.1597  19.503  2.9543  2.5219  3.8659   4.5397  0.6279
  only_wind_gust                          1   6.5709  19.222  2.7534  2.3871  3.5974   4.5311  0.6691
  only_wind_u                             7   6.4375  17.396  2.5685  2.5404  3.6706   4.5411  0.6447
  only_wind_v                             7   5.9230  17.698  2.5977  2.2352  3.6757   4.5368  0.6604

Outputs in: /cluster/tufts/c26sp1cs0137/ashen05/ablation

DONE: only_pressure
End time: Wed Apr  1 06:54:03 EDT 2026
