==============================================
  Job ID      : 386177
  Task ID     : 3
  Label       : only_precipitation
  Node        : pax049
  Start time  : Wed Apr  1 02:14:22 EDT 2026
==============================================
--- GPU ---
Wed Apr  1 02:14:23 2026       
+-----------------------------------------------------------------------------------------+
| NVIDIA-SMI 575.57.08              Driver Version: 575.57.08      CUDA Version: 12.9     |
|-----------------------------------------+------------------------+----------------------+
| GPU  Name                 Persistence-M | Bus-Id          Disp.A | Volatile Uncorr. ECC |
| Fan  Temp   Perf          Pwr:Usage/Cap |           Memory-Usage | GPU-Util  Compute M. |
|                                         |                        |               MIG M. |
|=========================================+========================+======================|
|   0  NVIDIA A100 80GB PCIe          On  |   00000000:56:00.0 Off |                    0 |
| N/A   36C    P0             56W /  300W |       0MiB /  81920MiB |      0%      Default |
|                                         |                        |             Disabled |
+-----------------------------------------+------------------------+----------------------+
                                                                                         
+-----------------------------------------------------------------------------------------+
| Processes:                                                                              |
|  GPU   GI   CI              PID   Type   Process name                        GPU Memory |
|        ID   ID                                                               Usage      |
|=========================================================================================|
|  No running processes found                                                             |
+-----------------------------------------------------------------------------------------+

Running experiment: only_precipitation

Total timesteps : 26280
Input variables : 42
Variable list:
  [  0] TMP@2m_above_ground
  [  1] RH@2m_above_ground
  [  2] UGRD@10m_above_ground
  [  3] VGRD@10m_above_ground
  [  4] GUST@surface
  [  5] DSWRF@surface
  [  6] APCP_1hr_acc_fcst@surface
  [  7] CAPE@surface
  [  8] DPT@1000mb
  [  9] DPT@500mb
  [ 10] DPT@700mb
  [ 11] DPT@850mb
  [ 12] DPT@925mb
  [ 13] HGT@1000mb
  [ 14] HGT@500mb
  [ 15] HGT@700mb
  [ 16] HGT@850mb
  [ 17] HGT@surface
  [ 18] TMP@1000mb
  [ 19] TMP@500mb
  [ 20] TMP@700mb
  [ 21] TMP@850mb
  [ 22] TMP@925mb
  [ 23] UGRD@1000mb
  [ 24] UGRD@250mb
  [ 25] UGRD@500mb
  [ 26] UGRD@700mb
  [ 27] UGRD@850mb
  [ 28] UGRD@925mb
  [ 29] VGRD@1000mb
  [ 30] VGRD@250mb
  [ 31] VGRD@500mb
  [ 32] VGRD@700mb
  [ 33] VGRD@850mb
  [ 34] VGRD@925mb
  [ 35] TCDC@entire_atmosphere
  [ 36] HCDC@high_cloud_layer
  [ 37] MCDC@middle_cloud_layer
  [ 38] LCDC@low_cloud_layer
  [ 39] PWAT@entire_atmosphere_single_layer
  [ 40] RHPW@entire_atmosphere
  [ 41] VIL@entire_atmosphere

Group assignments:
  temperature         :   6 channels  [0, 18, 19, 20, 21, 22]
  humidity            :   7 channels  [1, 8, 9, 10, 11, 12]...
  wind_u              :   7 channels  [2, 23, 24, 25, 26, 27]...
  wind_v              :   7 channels  [3, 29, 30, 31, 32, 33]...
  wind_gust           :   1 channels  [4]
  precipitation       :   1 channels  [6]
  pressure            :   5 channels  [13, 14, 15, 16, 17]
  clouds_rad          :   5 channels  [5, 35, 36, 37, 38]
  other               :   3 channels  [7, 39, 41]

Total experiments to run: 19
  all_features                             (42 channels)
  drop_temperature                         (36 channels)
  drop_humidity                            (35 channels)
  drop_wind_u                              (35 channels)
  drop_wind_v                              (35 channels)
  drop_wind_gust                           (41 channels)
  drop_precipitation                       (41 channels)
  drop_pressure                            (37 channels)
  drop_clouds_rad                          (37 channels)
  drop_other                               (39 channels)
  only_temperature                         (6 channels)
  only_humidity                            (7 channels)
  only_wind_u                              (7 channels)
  only_wind_v                              (7 channels)
  only_wind_gust                           (1 channels)
  only_precipitation                       (1 channels)
  only_pressure                            (5 channels)
  only_clouds_rad                          (5 channels)
  only_other                               (3 channels)

Indexed 47952 input files.
Building splits …
  train=16915  val=4229  test=4584
Loading cached norm stats from /cluster/tufts/c26sp1cs0137/ashen05/ablation/ablation_norm_stats.pt

Resuming — 14 experiments already done.
  Skipping all_features (already complete)
  Skipping drop_temperature (already complete)
  Skipping drop_humidity (already complete)
  Skipping drop_wind_u (already complete)
  Skipping drop_wind_v (already complete)
  Skipping drop_wind_gust (already complete)
  Skipping drop_precipitation (already complete)
  Skipping drop_pressure (already complete)
  Skipping drop_clouds_rad (already complete)
  Skipping drop_other (already complete)
  Skipping only_temperature (already complete)
  Skipping only_humidity (already complete)
  Skipping only_wind_u (already complete)
  Skipping only_wind_v (already complete)

  Checkpoint exists for 'only_wind_gust', skipping training.

  Results — only_wind_gust  (1 channels)
  ────────────────────────────────────────────────────────
    TMP@2m_above_ground                         RMSE:   6.5709
    RH@2m_above_ground                          RMSE:  19.2217
    UGRD@10m_above_ground                       RMSE:   2.7534
    VGRD@10m_above_ground                       RMSE:   2.3871
    GUST@surface                                RMSE:   3.5974
    APCP_1hr_acc_fcst@surface                   RMSE:   0.7621
    APCP (true>2mm)                             RMSE:   4.5311  [n=83]
    APCP binary                                  AUC:   0.6691
  Saved → /cluster/tufts/c26sp1cs0137/ashen05/ablation/ablation_results.json

==============================================================
  Experiment : only_precipitation  (1 channels)
==============================================================
  Ep 01/50  tr=0.9588/0.1031  val=0.9617/0.1127  (329s)
    checkpointed (val=0.9730)
  Ep 02/50  tr=0.9279/0.0954  val=0.9314/0.0915  (294s)
    checkpointed (val=0.9405)
  Ep 03/50  tr=0.9172/0.0918  val=3.5241/0.1456  (298s)
  Ep 04/50  tr=0.8960/0.0949  val=4.1930/0.1625  (276s)
  Ep 05/50  tr=0.8610/0.0901  val=0.9833/0.0880  (284s)
  Ep 06/50  tr=0.8499/0.0924  val=0.9560/0.0967  (286s)
  Ep 07/50  tr=0.8486/0.0873  val=1.0943/0.0992  (285s)
  Ep 08/50  tr=0.8273/0.0861  val=0.8645/0.0851  (281s)
    checkpointed (val=0.8730)
  Ep 09/50  tr=0.8166/0.0890  val=0.8546/0.0866  (277s)
    checkpointed (val=0.8633)
  Ep 10/50  tr=0.8098/0.0893  val=0.8568/0.0880  (282s)
  Ep 11/50  tr=0.7860/0.0854  val=0.9328/0.0861  (285s)
  Ep 12/50  tr=0.7871/0.0868  val=0.9486/0.0835  (285s)
  Ep 13/50  tr=0.7671/0.0861  val=0.8433/0.0858  (282s)
    checkpointed (val=0.8519)
  Ep 14/50  tr=0.7448/0.0867  val=0.8389/0.0849  (282s)
    checkpointed (val=0.8474)
  Ep 15/50  tr=0.7366/0.0850  val=1.5599/0.1100  (289s)
  Ep 16/50  tr=0.6862/0.0797  val=0.9051/0.0881  (280s)
  Ep 17/50  tr=0.6628/0.0748  val=0.8453/0.0862  (291s)
  Ep 18/50  tr=0.6233/0.0712  val=1.0719/0.1099  (284s)
  Ep 19/50  tr=0.5879/0.0644  val=1.2569/0.1266  (282s)
  Ep 20/50  tr=0.5495/0.0553  val=1.0078/0.1212  (284s)
  Ep 21/50  tr=0.5123/0.0502  val=0.8925/0.0983  (283s)
  Ep 22/50  tr=0.4721/0.0440  val=0.9964/0.1012  (282s)
  Ep 23/50  tr=0.4453/0.0376  val=0.9572/0.1198  (278s)
  Ep 24/50  tr=0.4117/0.0310  val=0.9058/0.1110  (279s)
  Ep 25/50  tr=0.3774/0.0299  val=0.9800/0.1333  (282s)
  Ep 26/50  tr=0.3466/0.0271  val=1.0578/0.1979  (281s)
  Ep 27/50  tr=0.3292/0.0227  val=0.8852/0.1478  (281s)
  Ep 28/50  tr=0.3028/0.0268  val=0.9263/0.1584  (280s)
  Ep 29/50  tr=0.2861/0.0208  val=0.9351/0.1591  (281s)
  Ep 30/50  tr=0.2633/0.0218  val=0.8898/0.1649  (279s)
  Ep 31/50  tr=0.2557/0.0225  val=1.0354/0.1481  (285s)
  Ep 32/50  tr=0.2307/0.0188  val=0.9880/0.2448  (277s)
  Ep 33/50  tr=0.2299/0.0184  val=0.9655/0.1593  (286s)
  Ep 34/50  tr=0.2208/0.0194  val=0.9106/0.1854  (283s)
  Ep 35/50  tr=0.2051/0.0166  val=0.9274/0.1823  (281s)
  Ep 36/50  tr=0.2032/0.0179  val=0.9036/0.1529  (284s)
  Ep 37/50  tr=0.1954/0.0175  val=0.9243/0.1727  (289s)
  Ep 38/50  tr=0.1894/0.0152  val=0.8960/0.2110  (283s)
  Ep 39/50  tr=0.1792/0.0173  val=0.9086/0.2015  (286s)
  Ep 40/50  tr=0.1683/0.0151  val=0.8777/0.2012  (290s)
  Ep 41/50  tr=0.1700/0.0150  val=1.0282/0.1541  (293s)
  Ep 42/50  tr=0.1579/0.0142  val=0.9082/0.2259  (285s)
  Ep 43/50  tr=0.1608/0.0156  val=0.9449/0.1418  (291s)
  Ep 44/50  tr=0.1663/0.0139  val=0.9423/0.1496  (288s)
  Ep 45/50  tr=0.1502/0.0148  val=1.0195/0.1595  (281s)
  Ep 46/50  tr=0.1581/0.0131  val=0.9224/0.1810  (289s)
  Ep 47/50  tr=0.1561/0.0143  val=1.1206/0.1784  (289s)
  Ep 48/50  tr=0.1510/0.0142  val=0.8917/0.2394  (287s)
  Ep 49/50  tr=0.1500/0.0131  val=1.0682/0.1422  (280s)
  Ep 50/50  tr=0.1519/0.0156  val=0.8928/0.1696  (279s)
  Best val loss: 0.8474

  Results — only_precipitation  (1 channels)
  ────────────────────────────────────────────────────────
    TMP@2m_above_ground                         RMSE:  10.5671
    RH@2m_above_ground                          RMSE:  24.3433
    UGRD@10m_above_ground                       RMSE:   3.3080
    VGRD@10m_above_ground                       RMSE:   2.6171
    GUST@surface                                RMSE:   4.1453
    APCP_1hr_acc_fcst@surface                   RMSE:   0.7675
    APCP (true>2mm)                             RMSE:   4.6189  [n=83]
    APCP binary                                  AUC:   0.5253
  Saved → /cluster/tufts/c26sp1cs0137/ashen05/ablation/ablation_results.json

  Checkpoint exists for 'only_pressure', skipping training.

  Results — only_pressure  (5 channels)
  ────────────────────────────────────────────────────────
    TMP@2m_above_ground                         RMSE:   4.1489
    RH@2m_above_ground                          RMSE:  17.3695
    UGRD@10m_above_ground                       RMSE:   2.5518
    VGRD@10m_above_ground                       RMSE:   2.2359
    GUST@surface                                RMSE:   3.6321
    APCP_1hr_acc_fcst@surface                   RMSE:   0.7594
    APCP (true>2mm)                             RMSE:   4.5540  [n=83]
    APCP binary                                  AUC:   0.6799
  Saved → /cluster/tufts/c26sp1cs0137/ashen05/ablation/ablation_results.json

  Checkpoint exists for 'only_clouds_rad', skipping training.

  Results — only_clouds_rad  (5 channels)
  ────────────────────────────────────────────────────────
    TMP@2m_above_ground                         RMSE:   9.8250
    RH@2m_above_ground                          RMSE:  20.8445
    UGRD@10m_above_ground                       RMSE:   2.9174
    VGRD@10m_above_ground                       RMSE:   2.4396
    GUST@surface                                RMSE:   3.8353
    APCP_1hr_acc_fcst@surface                   RMSE:   0.7606
    APCP (true>2mm)                             RMSE:   4.4300  [n=83]
    APCP binary                                  AUC:   0.7255
  Saved → /cluster/tufts/c26sp1cs0137/ashen05/ablation/ablation_results.json

==============================================================
  Experiment : only_other  (3 channels)
==============================================================
  Ep 01/50  tr=0.8631/0.0915  val=0.8458/0.0913  (319s)
    checkpointed (val=0.8550)
  Ep 02/50  tr=0.8370/0.0952  val=0.8125/0.0849  (306s)
    checkpointed (val=0.8210)
  Ep 03/50  tr=0.8009/0.0908  val=0.7859/0.0844  (314s)
    checkpointed (val=0.7944)
  Ep 04/50  tr=0.7868/0.0889  val=0.7732/0.0839  (290s)
    checkpointed (val=0.7816)
  Ep 05/50  tr=0.7737/0.0882  val=0.7834/0.0842  (298s)
  Ep 06/50  tr=0.7657/0.0878  val=0.7671/0.0824  (301s)
    checkpointed (val=0.7753)
  Ep 07/50  tr=0.7509/0.0880  val=1.0897/0.0860  (301s)
  Ep 08/50  tr=0.7635/0.0873  val=0.9158/0.0855  (303s)
  Ep 09/50  tr=0.7410/0.0852  val=1.4204/0.1044  (296s)
  Ep 10/50  tr=0.7350/0.0883  val=0.8500/0.0853  (296s)
  Ep 11/50  tr=0.7331/0.0864  val=0.7772/0.0813  (293s)
  Ep 12/50  tr=0.7222/0.0829  val=0.9114/0.0831  (292s)
  Ep 13/50  tr=0.7231/0.0850  val=1.0385/0.0946  (293s)
  Ep 14/50  tr=0.7141/0.0841  val=0.9549/0.0825  (293s)
  Ep 15/50  tr=0.7180/0.0851  val=1.0811/0.0840  (292s)
  Ep 16/50  tr=0.7074/0.0856  val=1.5703/0.0889  (300s)
  Ep 17/50  tr=0.7016/0.0834  val=0.9291/0.0912  (284s)
  Ep 18/50  tr=0.6930/0.0828  val=1.1244/0.0826  (293s)
  Ep 19/50  tr=0.6975/0.0832  val=1.1243/0.0916  (302s)
  Ep 20/50  tr=0.6926/0.0842  val=1.4385/0.1145  (283s)
  Ep 21/50  tr=0.6869/0.0830  val=1.9000/0.1009  (292s)
  Ep 22/50  tr=0.6850/0.0849  val=1.3977/0.0963  (298s)
  Ep 23/50  tr=0.6909/0.0821  val=1.3126/0.0932  (319s)
  Ep 24/50  tr=0.6610/0.0814  val=1.0363/0.0855  (329s)
  Ep 25/50  tr=0.6666/0.0838  val=3.0248/0.1346  (344s)
  Ep 26/50  tr=0.6827/0.0827  val=2.2939/0.1049  (303s)
  Ep 27/50  tr=0.6578/0.0824  val=1.6067/0.0985  (287s)
  Ep 28/50  tr=0.6649/0.0835  val=1.9736/0.1254  (289s)
  Ep 29/50  tr=0.6561/0.0817  val=2.2491/0.0980  (301s)
  Ep 30/50  tr=0.6287/0.0814  val=3.2602/0.1033  (291s)
  Ep 31/50  tr=0.6261/0.0786  val=3.2629/0.1074  (300s)
  Ep 32/50  tr=0.6253/0.0801  val=3.1379/0.1178  (288s)
