==============================================
  Job ID      : 385954
  Task ID     : 1
  Label       : only_wind_v
  Node        : pax050
  Start time  : Tue Mar 31 23:57:30 EDT 2026
==============================================
--- GPU ---
Tue Mar 31 23:57:31 2026       
+-----------------------------------------------------------------------------------------+
| NVIDIA-SMI 575.57.08              Driver Version: 575.57.08      CUDA Version: 12.9     |
|-----------------------------------------+------------------------+----------------------+
| GPU  Name                 Persistence-M | Bus-Id          Disp.A | Volatile Uncorr. ECC |
| Fan  Temp   Perf          Pwr:Usage/Cap |           Memory-Usage | GPU-Util  Compute M. |
|                                         |                        |               MIG M. |
|=========================================+========================+======================|
|   0  NVIDIA A100 80GB PCIe          On  |   00000000:57:00.0 Off |                    0 |
| N/A   39C    P0             55W /  300W |       0MiB /  81920MiB |      0%      Default |
|                                         |                        |             Disabled |
+-----------------------------------------+------------------------+----------------------+
                                                                                         
+-----------------------------------------------------------------------------------------+
| Processes:                                                                              |
|  GPU   GI   CI              PID   Type   Process name                        GPU Memory |
|        ID   ID                                                               Usage      |
|=========================================================================================|
|  No running processes found                                                             |
+-----------------------------------------------------------------------------------------+

Running experiment: only_wind_v

Total timesteps : 26280
Input variables : 42
Variable list:
  [  0] TMP@2m_above_ground
  [  1] RH@2m_above_ground
  [  2] UGRD@10m_above_ground
  [  3] VGRD@10m_above_ground
  [  4] GUST@surface
  [  5] DSWRF@surface
  [  6] APCP_1hr_acc_fcst@surface
  [  7] CAPE@surface
  [  8] DPT@1000mb
  [  9] DPT@500mb
  [ 10] DPT@700mb
  [ 11] DPT@850mb
  [ 12] DPT@925mb
  [ 13] HGT@1000mb
  [ 14] HGT@500mb
  [ 15] HGT@700mb
  [ 16] HGT@850mb
  [ 17] HGT@surface
  [ 18] TMP@1000mb
  [ 19] TMP@500mb
  [ 20] TMP@700mb
  [ 21] TMP@850mb
  [ 22] TMP@925mb
  [ 23] UGRD@1000mb
  [ 24] UGRD@250mb
  [ 25] UGRD@500mb
  [ 26] UGRD@700mb
  [ 27] UGRD@850mb
  [ 28] UGRD@925mb
  [ 29] VGRD@1000mb
  [ 30] VGRD@250mb
  [ 31] VGRD@500mb
  [ 32] VGRD@700mb
  [ 33] VGRD@850mb
  [ 34] VGRD@925mb
  [ 35] TCDC@entire_atmosphere
  [ 36] HCDC@high_cloud_layer
  [ 37] MCDC@middle_cloud_layer
  [ 38] LCDC@low_cloud_layer
  [ 39] PWAT@entire_atmosphere_single_layer
  [ 40] RHPW@entire_atmosphere
  [ 41] VIL@entire_atmosphere

Group assignments:
  temperature         :   6 channels  [0, 18, 19, 20, 21, 22]
  humidity            :   7 channels  [1, 8, 9, 10, 11, 12]...
  wind_u              :   7 channels  [2, 23, 24, 25, 26, 27]...
  wind_v              :   7 channels  [3, 29, 30, 31, 32, 33]...
  wind_gust           :   1 channels  [4]
  precipitation       :   1 channels  [6]
  pressure            :   5 channels  [13, 14, 15, 16, 17]
  clouds_rad          :   5 channels  [5, 35, 36, 37, 38]
  other               :   3 channels  [7, 39, 41]

Total experiments to run: 19
  all_features                             (42 channels)
  drop_temperature                         (36 channels)
  drop_humidity                            (35 channels)
  drop_wind_u                              (35 channels)
  drop_wind_v                              (35 channels)
  drop_wind_gust                           (41 channels)
  drop_precipitation                       (41 channels)
  drop_pressure                            (37 channels)
  drop_clouds_rad                          (37 channels)
  drop_other                               (39 channels)
  only_temperature                         (6 channels)
  only_humidity                            (7 channels)
  only_wind_u                              (7 channels)
  only_wind_v                              (7 channels)
  only_wind_gust                           (1 channels)
  only_precipitation                       (1 channels)
  only_pressure                            (5 channels)
  only_clouds_rad                          (5 channels)
  only_other                               (3 channels)

Indexed 47952 input files.
Building splits …
  train=16915  val=4229  test=4584
Loading cached norm stats from /cluster/tufts/c26sp1cs0137/ashen05/ablation/ablation_norm_stats.pt

Resuming — 12 experiments already done.
  Skipping all_features (already complete)
  Skipping drop_temperature (already complete)
  Skipping drop_humidity (already complete)
  Skipping drop_wind_u (already complete)
  Skipping drop_wind_v (already complete)
  Skipping drop_wind_gust (already complete)
  Skipping drop_precipitation (already complete)
  Skipping drop_pressure (already complete)
  Skipping drop_clouds_rad (already complete)
  Skipping drop_other (already complete)
  Skipping only_temperature (already complete)
  Skipping only_humidity (already complete)

  Checkpoint exists for 'only_wind_u', skipping training.

  Results — only_wind_u  (7 channels)
  ────────────────────────────────────────────────────────
    TMP@2m_above_ground                         RMSE:   6.4375
    RH@2m_above_ground                          RMSE:  17.3962
    UGRD@10m_above_ground                       RMSE:   2.5685
    VGRD@10m_above_ground                       RMSE:   2.5404
    GUST@surface                                RMSE:   3.6706
    APCP_1hr_acc_fcst@surface                   RMSE:   0.7592
    APCP (true>2mm)                             RMSE:   4.5411  [n=83]
    APCP binary                                  AUC:   0.6447
  Saved → /cluster/tufts/c26sp1cs0137/ashen05/ablation/ablation_results.json

==============================================================
  Experiment : only_wind_v  (7 channels)
==============================================================
  Ep 01/50  tr=0.9174/0.0948  val=0.8465/0.0868  (333s)
    checkpointed (val=0.8552)
  Ep 02/50  tr=0.8509/0.0912  val=0.7785/0.0854  (299s)
    checkpointed (val=0.7871)
  Ep 03/50  tr=0.7939/0.0884  val=0.7305/0.0829  (297s)
    checkpointed (val=0.7388)
  Ep 04/50  tr=0.7614/0.0889  val=0.7371/0.0817  (285s)
  Ep 05/50  tr=0.7412/0.0872  val=0.7020/0.0823  (287s)
    checkpointed (val=0.7102)
  Ep 06/50  tr=0.7211/0.0876  val=0.7015/0.0815  (287s)
    checkpointed (val=0.7097)
  Ep 07/50  tr=0.6972/0.0847  val=0.6940/0.0816  (299s)
    checkpointed (val=0.7022)
  Ep 08/50  tr=0.6740/0.0824  val=0.6982/0.0823  (290s)
  Ep 09/50  tr=0.6800/0.0843  val=0.7019/0.0807  (294s)
  Ep 10/50  tr=0.6547/0.0806  val=0.6427/0.0778  (292s)
    checkpointed (val=0.6505)
  Ep 11/50  tr=0.6359/0.0808  val=0.6247/0.0797  (293s)
    checkpointed (val=0.6326)
  Ep 12/50  tr=0.6623/0.0819  val=0.6179/0.0776  (301s)
    checkpointed (val=0.6257)
  Ep 13/50  tr=0.6179/0.0833  val=0.6371/0.0776  (290s)
  Ep 14/50  tr=0.6087/0.0777  val=0.6063/0.0787  (293s)
    checkpointed (val=0.6141)
  Ep 15/50  tr=0.5993/0.0814  val=0.6023/0.0784  (291s)
    checkpointed (val=0.6101)
  Ep 16/50  tr=0.5768/0.0778  val=0.6032/0.0816  (288s)
  Ep 17/50  tr=0.5699/0.0767  val=0.5988/0.0743  (287s)
    checkpointed (val=0.6062)
  Ep 18/50  tr=0.5573/0.0764  val=0.5622/0.0760  (296s)
    checkpointed (val=0.5698)
  Ep 19/50  tr=0.5550/0.0749  val=0.5591/0.0757  (298s)
    checkpointed (val=0.5667)
  Ep 20/50  tr=0.5399/0.0754  val=0.5617/0.0927  (304s)
  Ep 21/50  tr=0.5188/0.0747  val=0.5374/0.0757  (297s)
    checkpointed (val=0.5450)
  Ep 22/50  tr=0.5136/0.0717  val=0.5391/0.0731  (291s)
  Ep 23/50  tr=0.4999/0.0707  val=0.5207/0.0727  (300s)
    checkpointed (val=0.5280)
  Ep 24/50  tr=0.4857/0.0707  val=0.5073/0.0768  (297s)
    checkpointed (val=0.5150)
  Ep 25/50  tr=0.4794/0.0702  val=0.5426/0.0727  (289s)
  Ep 26/50  tr=0.4636/0.0658  val=0.4932/0.0681  (289s)
    checkpointed (val=0.5000)
  Ep 27/50  tr=0.4524/0.0647  val=0.4802/0.0700  (295s)
    checkpointed (val=0.4872)
  Ep 28/50  tr=0.4386/0.0667  val=0.4743/0.0694  (289s)
    checkpointed (val=0.4813)
  Ep 29/50  tr=0.4424/0.0605  val=0.4873/0.0713  (293s)
  Ep 30/50  tr=0.4359/0.0607  val=0.4803/0.0714  (289s)
  Ep 31/50  tr=0.4087/0.0583  val=0.4433/0.0702  (294s)
    checkpointed (val=0.4503)
  Ep 32/50  tr=0.3936/0.0554  val=0.4469/0.0695  (286s)
  Ep 33/50  tr=0.3922/0.0540  val=0.4328/0.0658  (294s)
    checkpointed (val=0.4393)
  Ep 34/50  tr=0.3860/0.0551  val=0.4337/0.0655  (285s)
  Ep 35/50  tr=0.3857/0.0527  val=0.4252/0.0652  (289s)
    checkpointed (val=0.4318)
  Ep 36/50  tr=0.3647/0.0505  val=0.4134/0.0639  (297s)
    checkpointed (val=0.4198)
  Ep 37/50  tr=0.3691/0.0509  val=0.4166/0.0626  (289s)
  Ep 38/50  tr=0.3579/0.0490  val=0.4049/0.0657  (291s)
    checkpointed (val=0.4115)
  Ep 39/50  tr=0.3554/0.0477  val=0.3972/0.0612  (293s)
    checkpointed (val=0.4033)
  Ep 40/50  tr=0.3370/0.0454  val=0.4073/0.0629  (293s)
  Ep 41/50  tr=0.3363/0.0463  val=0.3914/0.0605  (292s)
    checkpointed (val=0.3975)
  Ep 42/50  tr=0.3299/0.0456  val=0.3994/0.0599  (289s)
  Ep 43/50  tr=0.3391/0.0455  val=0.3895/0.0591  (290s)
    checkpointed (val=0.3954)
  Ep 44/50  tr=0.3342/0.0459  val=0.3843/0.0601  (291s)
    checkpointed (val=0.3903)
  Ep 45/50  tr=0.3223/0.0472  val=0.3824/0.0601  (291s)
    checkpointed (val=0.3884)
  Ep 46/50  tr=0.3253/0.0424  val=0.3818/0.0588  (285s)
    checkpointed (val=0.3877)
  Ep 47/50  tr=0.3173/0.0446  val=0.3836/0.0598  (289s)
  Ep 48/50  tr=0.3198/0.0438  val=0.3821/0.0596  (287s)
  Ep 49/50  tr=0.3189/0.0430  val=0.3815/0.0597  (284s)
    checkpointed (val=0.3875)
  Ep 50/50  tr=0.3172/0.0423  val=0.3834/0.0592  (288s)
  Best val loss: 0.3875

FAILED: only_wind_v (exit 1)
End time: Wed Apr  1 04:03:01 EDT 2026
