==============================================
  Job ID      : 385624
  Task ID     : 6
  Label       : only_other
  Node        : pax049
  Start time  : Wed Apr  1 02:14:22 EDT 2026
==============================================
--- GPU ---
Wed Apr  1 02:14:23 2026       
+-----------------------------------------------------------------------------------------+
| NVIDIA-SMI 575.57.08              Driver Version: 575.57.08      CUDA Version: 12.9     |
|-----------------------------------------+------------------------+----------------------+
| GPU  Name                 Persistence-M | Bus-Id          Disp.A | Volatile Uncorr. ECC |
| Fan  Temp   Perf          Pwr:Usage/Cap |           Memory-Usage | GPU-Util  Compute M. |
|                                         |                        |               MIG M. |
|=========================================+========================+======================|
|   0  NVIDIA A100 80GB PCIe          On  |   00000000:57:00.0 Off |                    0 |
| N/A   36C    P0             56W /  300W |       0MiB /  81920MiB |      0%      Default |
|                                         |                        |             Disabled |
+-----------------------------------------+------------------------+----------------------+
                                                                                         
+-----------------------------------------------------------------------------------------+
| Processes:                                                                              |
|  GPU   GI   CI              PID   Type   Process name                        GPU Memory |
|        ID   ID                                                               Usage      |
|=========================================================================================|
|  No running processes found                                                             |
+-----------------------------------------------------------------------------------------+

Running experiment: only_other

Total timesteps : 26280
Input variables : 42
Variable list:
  [  0] TMP@2m_above_ground
  [  1] RH@2m_above_ground
  [  2] UGRD@10m_above_ground
  [  3] VGRD@10m_above_ground
  [  4] GUST@surface
  [  5] DSWRF@surface
  [  6] APCP_1hr_acc_fcst@surface
  [  7] CAPE@surface
  [  8] DPT@1000mb
  [  9] DPT@500mb
  [ 10] DPT@700mb
  [ 11] DPT@850mb
  [ 12] DPT@925mb
  [ 13] HGT@1000mb
  [ 14] HGT@500mb
  [ 15] HGT@700mb
  [ 16] HGT@850mb
  [ 17] HGT@surface
  [ 18] TMP@1000mb
  [ 19] TMP@500mb
  [ 20] TMP@700mb
  [ 21] TMP@850mb
  [ 22] TMP@925mb
  [ 23] UGRD@1000mb
  [ 24] UGRD@250mb
  [ 25] UGRD@500mb
  [ 26] UGRD@700mb
  [ 27] UGRD@850mb
  [ 28] UGRD@925mb
  [ 29] VGRD@1000mb
  [ 30] VGRD@250mb
  [ 31] VGRD@500mb
  [ 32] VGRD@700mb
  [ 33] VGRD@850mb
  [ 34] VGRD@925mb
  [ 35] TCDC@entire_atmosphere
  [ 36] HCDC@high_cloud_layer
  [ 37] MCDC@middle_cloud_layer
  [ 38] LCDC@low_cloud_layer
  [ 39] PWAT@entire_atmosphere_single_layer
  [ 40] RHPW@entire_atmosphere
  [ 41] VIL@entire_atmosphere

Group assignments:
  temperature         :   6 channels  [0, 18, 19, 20, 21, 22]
  humidity            :   7 channels  [1, 8, 9, 10, 11, 12]...
  wind_u              :   7 channels  [2, 23, 24, 25, 26, 27]...
  wind_v              :   7 channels  [3, 29, 30, 31, 32, 33]...
  wind_gust           :   1 channels  [4]
  precipitation       :   1 channels  [6]
  pressure            :   5 channels  [13, 14, 15, 16, 17]
  clouds_rad          :   5 channels  [5, 35, 36, 37, 38]
  other               :   3 channels  [7, 39, 41]

Total experiments to run: 19
  all_features                             (42 channels)
  drop_temperature                         (36 channels)
  drop_humidity                            (35 channels)
  drop_wind_u                              (35 channels)
  drop_wind_v                              (35 channels)
  drop_wind_gust                           (41 channels)
  drop_precipitation                       (41 channels)
  drop_pressure                            (37 channels)
  drop_clouds_rad                          (37 channels)
  drop_other                               (39 channels)
  only_temperature                         (6 channels)
  only_humidity                            (7 channels)
  only_wind_u                              (7 channels)
  only_wind_v                              (7 channels)
  only_wind_gust                           (1 channels)
  only_precipitation                       (1 channels)
  only_pressure                            (5 channels)
  only_clouds_rad                          (5 channels)
  only_other                               (3 channels)

Indexed 47952 input files.
Building splits …
  train=16915  val=4229  test=4584
Loading cached norm stats from /cluster/tufts/c26sp1cs0137/ashen05/ablation/ablation_norm_stats.pt

Resuming — 14 experiments already done.
  Skipping all_features (already complete)
  Skipping drop_temperature (already complete)
  Skipping drop_humidity (already complete)
  Skipping drop_wind_u (already complete)
  Skipping drop_wind_v (already complete)
  Skipping drop_wind_gust (already complete)
  Skipping drop_precipitation (already complete)
  Skipping drop_pressure (already complete)
  Skipping drop_clouds_rad (already complete)
  Skipping drop_other (already complete)
  Skipping only_temperature (already complete)
  Skipping only_humidity (already complete)
  Skipping only_wind_u (already complete)
  Skipping only_wind_v (already complete)

  Checkpoint exists for 'only_wind_gust', skipping training.

  Results — only_wind_gust  (1 channels)
  ────────────────────────────────────────────────────────
    TMP@2m_above_ground                         RMSE:   6.5709
    RH@2m_above_ground                          RMSE:  19.2217
    UGRD@10m_above_ground                       RMSE:   2.7534
    VGRD@10m_above_ground                       RMSE:   2.3871
    GUST@surface                                RMSE:   3.5974
    APCP_1hr_acc_fcst@surface                   RMSE:   0.7621
    APCP (true>2mm)                             RMSE:   4.5311  [n=83]
    APCP binary                                  AUC:   0.6691
  Saved → /cluster/tufts/c26sp1cs0137/ashen05/ablation/ablation_results.json

==============================================================
  Experiment : only_precipitation  (1 channels)
==============================================================
  Ep 01/50  tr=0.9495/0.1013  val=0.9414/0.0885  (329s)
    checkpointed (val=0.9502)
  Ep 02/50  tr=0.9274/0.0978  val=1.5448/0.1084  (294s)
  Ep 03/50  tr=0.9022/0.0950  val=0.8995/0.0863  (298s)
    checkpointed (val=0.9081)
  Ep 04/50  tr=0.8713/0.0900  val=0.9072/0.0869  (276s)
  Ep 05/50  tr=0.8562/0.0914  val=0.8717/0.0873  (284s)
    checkpointed (val=0.8804)
  Ep 06/50  tr=0.8434/0.0914  val=1.5293/0.0969  (285s)
  Ep 07/50  tr=0.8246/0.0890  val=1.0411/0.0869  (285s)
  Ep 08/50  tr=0.8150/0.0884  val=1.2397/0.0866  (281s)
  Ep 09/50  tr=0.8050/0.0882  val=1.3304/0.0967  (277s)
  Ep 10/50  tr=0.8012/0.0886  val=2.2803/0.0907  (282s)
  Ep 11/50  tr=0.7784/0.0864  val=0.8313/0.0856  (285s)
    checkpointed (val=0.8398)
  Ep 12/50  tr=0.7686/0.0858  val=0.9014/0.0929  (285s)
  Ep 13/50  tr=0.7388/0.0844  val=0.8820/0.0874  (282s)
  Ep 14/50  tr=0.7074/0.0798  val=0.9499/0.0849  (282s)
  Ep 15/50  tr=0.6776/0.0770  val=0.8882/0.0959  (289s)
  Ep 16/50  tr=0.6341/0.0723  val=0.9873/0.0876  (280s)
  Ep 17/50  tr=0.6004/0.0651  val=0.8477/0.0903  (291s)
  Ep 18/50  tr=0.5522/0.0578  val=0.8931/0.1104  (284s)
  Ep 19/50  tr=0.5151/0.0501  val=9.1650/0.5145  (282s)
  Ep 20/50  tr=0.4713/0.0406  val=3.1074/0.1223  (284s)
  Ep 21/50  tr=0.4391/0.0345  val=4.0332/0.1223  (283s)
  Ep 22/50  tr=0.3971/0.0267  val=2.5242/0.8782  (282s)
  Ep 23/50  tr=0.3838/0.0260  val=1.0370/0.1271  (278s)
  Ep 24/50  tr=0.3481/0.0182  val=1.3207/0.2338  (279s)
  Ep 25/50  tr=0.3247/0.0166  val=1.2531/0.1692  (282s)
  Ep 26/50  tr=0.3033/0.0196  val=1.1238/0.1955  (281s)
  Ep 27/50  tr=0.2974/0.0150  val=1.3985/0.2094  (281s)
  Ep 28/50  tr=0.2718/0.0154  val=1.2752/0.1196  (280s)
  Ep 29/50  tr=0.2622/0.0158  val=2.3611/0.3264  (281s)
  Ep 30/50  tr=0.2448/0.0151  val=1.0366/0.1295  (279s)
  Ep 31/50  tr=0.2370/0.0127  val=1.2352/0.1418  (285s)
  Ep 32/50  tr=0.2288/0.0119  val=1.3716/0.2228  (277s)
  Ep 33/50  tr=0.2140/0.0132  val=1.2638/0.1599  (286s)
  Ep 34/50  tr=0.2003/0.0116  val=0.9784/0.1448  (283s)
  Ep 35/50  tr=0.1945/0.0108  val=1.3143/0.2661  (281s)
  Ep 36/50  tr=0.1870/0.0091  val=1.1347/0.1770  (284s)
  Ep 37/50  tr=0.1813/0.0092  val=0.9269/0.1717  (289s)
  Ep 38/50  tr=0.1698/0.0100  val=1.3833/0.1694  (283s)
  Ep 39/50  tr=0.1756/0.0084  val=0.9344/0.1852  (286s)
  Ep 40/50  tr=0.1636/0.0074  val=0.9149/0.1804  (290s)
  Ep 41/50  tr=0.1528/0.0102  val=1.2795/0.1473  (293s)
  Ep 42/50  tr=0.1484/0.0066  val=0.9000/0.1781  (285s)
  Ep 43/50  tr=0.1521/0.0070  val=0.9750/0.1843  (291s)
  Ep 44/50  tr=0.1479/0.0078  val=1.1599/0.1931  (288s)
  Ep 45/50  tr=0.1447/0.0057  val=1.9603/0.2106  (281s)
  Ep 46/50  tr=0.1486/0.0058  val=2.5234/0.2209  (289s)
  Ep 47/50  tr=0.1416/0.0072  val=2.9125/0.2872  (289s)
  Ep 48/50  tr=0.1368/0.0056  val=1.5019/0.2012  (287s)
  Ep 49/50  tr=0.1415/0.0059  val=1.2800/0.1974  (279s)
  Ep 50/50  tr=0.1426/0.0102  val=1.4225/0.2093  (280s)
  Best val loss: 0.8398

  Results — only_precipitation  (1 channels)
  ────────────────────────────────────────────────────────
    TMP@2m_above_ground                         RMSE:  10.5671
    RH@2m_above_ground                          RMSE:  24.3432
    UGRD@10m_above_ground                       RMSE:   3.3080
    VGRD@10m_above_ground                       RMSE:   2.6171
    GUST@surface                                RMSE:   4.1453
    APCP_1hr_acc_fcst@surface                   RMSE:   0.7675
    APCP (true>2mm)                             RMSE:   4.6189  [n=83]
    APCP binary                                  AUC:   0.5254
  Saved → /cluster/tufts/c26sp1cs0137/ashen05/ablation/ablation_results.json

  Checkpoint exists for 'only_pressure', skipping training.

  Results — only_pressure  (5 channels)
  ────────────────────────────────────────────────────────
    TMP@2m_above_ground                         RMSE:   4.1489
    RH@2m_above_ground                          RMSE:  17.3695
    UGRD@10m_above_ground                       RMSE:   2.5518
    VGRD@10m_above_ground                       RMSE:   2.2359
    GUST@surface                                RMSE:   3.6321
    APCP_1hr_acc_fcst@surface                   RMSE:   0.7594
    APCP (true>2mm)                             RMSE:   4.5540  [n=83]
    APCP binary                                  AUC:   0.6799
  Saved → /cluster/tufts/c26sp1cs0137/ashen05/ablation/ablation_results.json

  Checkpoint exists for 'only_clouds_rad', skipping training.

  Results — only_clouds_rad  (5 channels)
  ────────────────────────────────────────────────────────
    TMP@2m_above_ground                         RMSE:   9.8251
    RH@2m_above_ground                          RMSE:  20.8445
    UGRD@10m_above_ground                       RMSE:   2.9174
    VGRD@10m_above_ground                       RMSE:   2.4396
    GUST@surface                                RMSE:   3.8353
    APCP_1hr_acc_fcst@surface                   RMSE:   0.7606
    APCP (true>2mm)                             RMSE:   4.4300  [n=83]
    APCP binary                                  AUC:   0.7255
  Saved → /cluster/tufts/c26sp1cs0137/ashen05/ablation/ablation_results.json

==============================================================
  Experiment : only_other  (3 channels)
==============================================================
  Ep 01/50  tr=0.8966/0.0984  val=0.8435/0.0921  (319s)
    checkpointed (val=0.8527)
  Ep 02/50  tr=0.8371/0.0916  val=0.8264/0.0863  (306s)
    checkpointed (val=0.8351)
  Ep 03/50  tr=0.8022/0.0900  val=0.9282/0.0895  (314s)
  Ep 04/50  tr=0.7916/0.0906  val=0.7885/0.0844  (290s)
    checkpointed (val=0.7969)
  Ep 05/50  tr=0.7794/0.0904  val=0.8350/0.0843  (298s)
  Ep 06/50  tr=0.7795/0.0900  val=0.9972/0.0894  (301s)
  Ep 07/50  tr=0.7587/0.0872  val=0.8788/0.0940  (301s)
  Ep 08/50  tr=0.7461/0.0866  val=1.6357/0.0865  (303s)
  Ep 09/50  tr=0.7410/0.0857  val=0.8040/0.0872  (296s)
  Ep 10/50  tr=0.7435/0.0882  val=0.7534/0.0853  (296s)
    checkpointed (val=0.7619)
  Ep 11/50  tr=0.7518/0.0869  val=1.4164/0.0848  (293s)
  Ep 12/50  tr=0.7350/0.0857  val=1.1065/0.0917  (292s)
  Ep 13/50  tr=0.7446/0.0868  val=1.1144/0.0919  (293s)
  Ep 14/50  tr=0.7301/0.0848  val=0.8396/0.0814  (294s)
  Ep 15/50  tr=0.7236/0.0850  val=1.4158/0.0895  (292s)
  Ep 16/50  tr=0.7170/0.0846  val=1.0904/0.0825  (300s)
  Ep 17/50  tr=0.7143/0.0866  val=1.4397/0.1131  (284s)
  Ep 18/50  tr=0.6967/0.0840  val=0.9045/0.0822  (293s)
  Ep 19/50  tr=0.7030/0.0839  val=1.0787/0.0891  (302s)
  Ep 20/50  tr=0.6921/0.0842  val=1.1484/0.0959  (283s)
  Ep 21/50  tr=0.6960/0.0819  val=0.8367/0.0833  (292s)
  Ep 22/50  tr=0.6774/0.0835  val=1.0561/0.1001  (298s)
  Ep 23/50  tr=0.6903/0.0836  val=1.4468/0.1006  (319s)
  Ep 24/50  tr=0.6848/0.0852  val=1.6732/0.1149  (329s)
  Ep 25/50  tr=0.6712/0.0841  val=1.6818/0.1080  (344s)
  Ep 26/50  tr=0.6671/0.0835  val=1.8481/0.1288  (303s)
  Ep 27/50  tr=0.6592/0.0842  val=1.4470/0.1640  (287s)
  Ep 28/50  tr=0.6609/0.0829  val=1.8837/0.1256  (289s)
  Ep 29/50  tr=0.6463/0.0809  val=2.4951/0.1122  (301s)
  Ep 30/50  tr=0.6448/0.0824  val=1.3478/0.0980  (291s)
  Ep 31/50  tr=0.6499/0.0803  val=2.2625/0.1248  (300s)
  Ep 32/50  tr=0.6338/0.0809  val=2.3300/0.1277  (288s)
