==============================================
  Job ID      : 386016
  Task ID     : 2
  Label       : only_wind_gust
  Node        : pax052
  Start time  : Wed Apr  1 01:14:43 EDT 2026
==============================================
--- GPU ---
Wed Apr  1 01:14:44 2026       
+-----------------------------------------------------------------------------------------+
| NVIDIA-SMI 575.57.08              Driver Version: 575.57.08      CUDA Version: 12.9     |
|-----------------------------------------+------------------------+----------------------+
| GPU  Name                 Persistence-M | Bus-Id          Disp.A | Volatile Uncorr. ECC |
| Fan  Temp   Perf          Pwr:Usage/Cap |           Memory-Usage | GPU-Util  Compute M. |
|                                         |                        |               MIG M. |
|=========================================+========================+======================|
|   0  NVIDIA A100-PCIE-40GB          On  |   00000000:1E:00.0 Off |                    0 |
| N/A   73C    P0             59W /  250W |       0MiB /  40960MiB |      0%      Default |
|                                         |                        |             Disabled |
+-----------------------------------------+------------------------+----------------------+
                                                                                         
+-----------------------------------------------------------------------------------------+
| Processes:                                                                              |
|  GPU   GI   CI              PID   Type   Process name                        GPU Memory |
|        ID   ID                                                               Usage      |
|=========================================================================================|
|  No running processes found                                                             |
+-----------------------------------------------------------------------------------------+

Running experiment: only_wind_gust

Total timesteps : 26280
Input variables : 42
Variable list:
  [  0] TMP@2m_above_ground
  [  1] RH@2m_above_ground
  [  2] UGRD@10m_above_ground
  [  3] VGRD@10m_above_ground
  [  4] GUST@surface
  [  5] DSWRF@surface
  [  6] APCP_1hr_acc_fcst@surface
  [  7] CAPE@surface
  [  8] DPT@1000mb
  [  9] DPT@500mb
  [ 10] DPT@700mb
  [ 11] DPT@850mb
  [ 12] DPT@925mb
  [ 13] HGT@1000mb
  [ 14] HGT@500mb
  [ 15] HGT@700mb
  [ 16] HGT@850mb
  [ 17] HGT@surface
  [ 18] TMP@1000mb
  [ 19] TMP@500mb
  [ 20] TMP@700mb
  [ 21] TMP@850mb
  [ 22] TMP@925mb
  [ 23] UGRD@1000mb
  [ 24] UGRD@250mb
  [ 25] UGRD@500mb
  [ 26] UGRD@700mb
  [ 27] UGRD@850mb
  [ 28] UGRD@925mb
  [ 29] VGRD@1000mb
  [ 30] VGRD@250mb
  [ 31] VGRD@500mb
  [ 32] VGRD@700mb
  [ 33] VGRD@850mb
  [ 34] VGRD@925mb
  [ 35] TCDC@entire_atmosphere
  [ 36] HCDC@high_cloud_layer
  [ 37] MCDC@middle_cloud_layer
  [ 38] LCDC@low_cloud_layer
  [ 39] PWAT@entire_atmosphere_single_layer
  [ 40] RHPW@entire_atmosphere
  [ 41] VIL@entire_atmosphere

Group assignments:
  temperature         :   6 channels  [0, 18, 19, 20, 21, 22]
  humidity            :   7 channels  [1, 8, 9, 10, 11, 12]...
  wind_u              :   7 channels  [2, 23, 24, 25, 26, 27]...
  wind_v              :   7 channels  [3, 29, 30, 31, 32, 33]...
  wind_gust           :   1 channels  [4]
  precipitation       :   1 channels  [6]
  pressure            :   5 channels  [13, 14, 15, 16, 17]
  clouds_rad          :   5 channels  [5, 35, 36, 37, 38]
  other               :   3 channels  [7, 39, 41]

Total experiments to run: 19
  all_features                             (42 channels)
  drop_temperature                         (36 channels)
  drop_humidity                            (35 channels)
  drop_wind_u                              (35 channels)
  drop_wind_v                              (35 channels)
  drop_wind_gust                           (41 channels)
  drop_precipitation                       (41 channels)
  drop_pressure                            (37 channels)
  drop_clouds_rad                          (37 channels)
  drop_other                               (39 channels)
  only_temperature                         (6 channels)
  only_humidity                            (7 channels)
  only_wind_u                              (7 channels)
  only_wind_v                              (7 channels)
  only_wind_gust                           (1 channels)
  only_precipitation                       (1 channels)
  only_pressure                            (5 channels)
  only_clouds_rad                          (5 channels)
  only_other                               (3 channels)

Indexed 47952 input files.
Building splits …
  train=16915  val=4229  test=4584
Loading cached norm stats from /cluster/tufts/c26sp1cs0137/ashen05/ablation/ablation_norm_stats.pt

Resuming — 13 experiments already done.
  Skipping all_features (already complete)
  Skipping drop_temperature (already complete)
  Skipping drop_humidity (already complete)
  Skipping drop_wind_u (already complete)
  Skipping drop_wind_v (already complete)
  Skipping drop_wind_gust (already complete)
  Skipping drop_precipitation (already complete)
  Skipping drop_pressure (already complete)
  Skipping drop_clouds_rad (already complete)
  Skipping drop_other (already complete)
  Skipping only_temperature (already complete)
  Skipping only_humidity (already complete)
  Skipping only_wind_u (already complete)

  Checkpoint exists for 'only_wind_v', skipping training.

  Results — only_wind_v  (7 channels)
  ────────────────────────────────────────────────────────
    TMP@2m_above_ground                         RMSE:   5.9230
    RH@2m_above_ground                          RMSE:  17.6983
    UGRD@10m_above_ground                       RMSE:   2.5977
    VGRD@10m_above_ground                       RMSE:   2.2352
    GUST@surface                                RMSE:   3.6757
    APCP_1hr_acc_fcst@surface                   RMSE:   0.7607
    APCP (true>2mm)                             RMSE:   4.5368  [n=83]
    APCP binary                                  AUC:   0.6604
  Saved → /cluster/tufts/c26sp1cs0137/ashen05/ablation/ablation_results.json

==============================================================
  Experiment : only_wind_gust  (1 channels)
==============================================================
  Ep 01/50  tr=0.9448/0.0978  val=0.9176/0.0875  (433s)
    checkpointed (val=0.9264)
  Ep 02/50  tr=0.8960/0.0915  val=0.8800/0.0876  (396s)
    checkpointed (val=0.8887)
  Ep 03/50  tr=0.8576/0.0928  val=0.8376/0.0851  (380s)
    checkpointed (val=0.8461)
  Ep 04/50  tr=0.8277/0.0912  val=0.7880/0.0840  (377s)
    checkpointed (val=0.7964)
  Ep 05/50  tr=0.8047/0.0920  val=0.7890/0.0834  (379s)
  Ep 06/50  tr=0.7414/0.0870  val=0.7704/0.0841  (378s)
    checkpointed (val=0.7788)
  Ep 07/50  tr=0.6984/0.0845  val=0.7137/0.0823  (383s)
    checkpointed (val=0.7219)
  Ep 08/50  tr=0.6279/0.0838  val=0.6594/0.0779  (384s)
    checkpointed (val=0.6672)
  Ep 09/50  tr=0.5743/0.0765  val=0.6159/0.0731  (383s)
    checkpointed (val=0.6232)
  Ep 10/50  tr=0.5086/0.0683  val=0.6520/0.0698  (383s)
  Ep 11/50  tr=0.4599/0.0569  val=0.5796/0.0674  (379s)
    checkpointed (val=0.5864)
  Ep 12/50  tr=0.4163/0.0496  val=0.5984/0.0744  (379s)
  Ep 13/50  tr=0.3735/0.0396  val=0.5501/0.0663  (384s)
    checkpointed (val=0.5568)
  Ep 14/50  tr=0.3383/0.0332  val=0.5370/0.0735  (379s)
    checkpointed (val=0.5443)
  Ep 15/50  tr=0.3036/0.0287  val=0.5521/0.0626  (381s)
  Ep 16/50  tr=0.2702/0.0254  val=0.5325/0.0750  (386s)
    checkpointed (val=0.5400)
  Ep 17/50  tr=0.2536/0.0268  val=0.5124/0.0736  (380s)
    checkpointed (val=0.5198)
  Ep 18/50  tr=0.2386/0.0246  val=0.5087/0.0976  (377s)
    checkpointed (val=0.5185)
  Ep 19/50  tr=0.2200/0.0217  val=0.4863/0.0836  (381s)
    checkpointed (val=0.4947)
  Ep 20/50  tr=0.2053/0.0238  val=0.4837/0.0805  (376s)
    checkpointed (val=0.4918)
  Ep 21/50  tr=0.1973/0.0236  val=0.4969/0.0849  (380s)
  Ep 22/50  tr=0.1849/0.0204  val=0.4827/0.0844  (382s)
    checkpointed (val=0.4912)
  Ep 23/50  tr=0.1833/0.0192  val=0.4725/0.0998  (378s)
    checkpointed (val=0.4825)
  Ep 24/50  tr=0.1679/0.0188  val=0.4567/0.0902  (384s)
    checkpointed (val=0.4657)
  Ep 25/50  tr=0.1721/0.0205  val=0.4608/0.1149  (384s)
  Ep 26/50  tr=0.1629/0.0172  val=0.4647/0.0965  (384s)
  Ep 27/50  tr=0.1556/0.0162  val=0.4716/0.0885  (379s)
  Ep 28/50  tr=0.1480/0.0119  val=0.4456/0.0921  (376s)
    checkpointed (val=0.4548)
  Ep 29/50  tr=0.1384/0.0114  val=0.4419/0.0872  (376s)
    checkpointed (val=0.4506)
  Ep 30/50  tr=0.1452/0.0115  val=0.4309/0.1054  (379s)
    checkpointed (val=0.4414)
  Ep 31/50  tr=0.1265/0.0105  val=0.4478/0.1014  (377s)
  Ep 32/50  tr=0.1319/0.0092  val=0.4379/0.1137  (382s)
  Ep 33/50  tr=0.1262/0.0090  val=0.4398/0.1052  (386s)
  Ep 34/50  tr=0.1191/0.0065  val=0.4353/0.1093  (390s)
  Ep 35/50  tr=0.1165/0.0082  val=0.4371/0.1147  (381s)
  Ep 36/50  tr=0.1178/0.0058  val=0.4300/0.1165  (384s)
  Ep 37/50  tr=0.1115/0.0067  val=0.4323/0.1113  (379s)
  Ep 38/50  tr=0.1105/0.0057  val=0.4280/0.1320  (381s)
    checkpointed (val=0.4412)
  Ep 39/50  tr=0.1035/0.0045  val=0.4270/0.1155  (382s)
    checkpointed (val=0.4385)
  Ep 40/50  tr=0.1090/0.0045  val=0.4310/0.1241  (384s)
  Ep 41/50  tr=0.1058/0.0043  val=0.4223/0.1220  (378s)
    checkpointed (val=0.4345)
  Ep 42/50  tr=0.0955/0.0039  val=0.4266/0.1365  (376s)
  Ep 43/50  tr=0.1071/0.0043  val=0.4228/0.1258  (378s)
  Ep 44/50  tr=0.1068/0.0033  val=0.4227/0.1243  (385s)
  Ep 45/50  tr=0.0970/0.0031  val=0.4240/0.1279  (383s)
  Ep 46/50  tr=0.0944/0.0044  val=0.4225/0.1237  (376s)
  Ep 47/50  tr=0.0957/0.0030  val=0.4233/0.1308  (378s)
  Ep 48/50  tr=0.0954/0.0032  val=0.4226/0.1316  (382s)
  Ep 49/50  tr=0.0971/0.0036  val=0.4232/0.1362  (380s)
  Ep 50/50  tr=0.0969/0.0042  val=0.4239/0.1353  (383s)
  Best val loss: 0.4345

  Results — only_wind_gust  (1 channels)
  ────────────────────────────────────────────────────────
    TMP@2m_above_ground                         RMSE:   5.9880
    RH@2m_above_ground                          RMSE:  20.5576
    UGRD@10m_above_ground                       RMSE:   2.7636
    VGRD@10m_above_ground                       RMSE:   2.3710
    GUST@surface                                RMSE:   3.8098
    APCP_1hr_acc_fcst@surface                   RMSE:   0.7677
    APCP (true>2mm)                             RMSE:   4.5865  [n=83]
    APCP binary                                  AUC:   0.6797
  Saved → /cluster/tufts/c26sp1cs0137/ashen05/ablation/ablation_results.json

  Checkpoint exists for 'only_precipitation', skipping training.

  Results — only_precipitation  (1 channels)
  ────────────────────────────────────────────────────────
    TMP@2m_above_ground                         RMSE:  10.5671
    RH@2m_above_ground                          RMSE:  24.3433
    UGRD@10m_above_ground                       RMSE:   3.3080
    VGRD@10m_above_ground                       RMSE:   2.6171
    GUST@surface                                RMSE:   4.1453
    APCP_1hr_acc_fcst@surface                   RMSE:   0.7675
    APCP (true>2mm)                             RMSE:   4.6189  [n=83]
    APCP binary                                  AUC:   0.5253
  Saved → /cluster/tufts/c26sp1cs0137/ashen05/ablation/ablation_results.json

  Checkpoint exists for 'only_pressure', skipping training.

  Results — only_pressure  (5 channels)
  ────────────────────────────────────────────────────────
    TMP@2m_above_ground                         RMSE:   4.2362
    RH@2m_above_ground                          RMSE:  17.7500
    UGRD@10m_above_ground                       RMSE:   2.5343
    VGRD@10m_above_ground                       RMSE:   2.2426
    GUST@surface                                RMSE:   3.6835
    APCP_1hr_acc_fcst@surface                   RMSE:   0.7596
    APCP (true>2mm)                             RMSE:   4.5345  [n=83]
    APCP binary                                  AUC:   0.6782
  Saved → /cluster/tufts/c26sp1cs0137/ashen05/ablation/ablation_results.json

  Checkpoint exists for 'only_clouds_rad', skipping training.

  Results — only_clouds_rad  (5 channels)
  ────────────────────────────────────────────────────────
    TMP@2m_above_ground                         RMSE:   8.4757
    RH@2m_above_ground                          RMSE:  21.2038
    UGRD@10m_above_ground                       RMSE:   2.9053
    VGRD@10m_above_ground                       RMSE:   2.4815
    GUST@surface                                RMSE:   3.8190
    APCP_1hr_acc_fcst@surface                   RMSE:   0.7649
    APCP (true>2mm)                             RMSE:   4.4084  [n=83]
    APCP binary                                  AUC:   0.7376
  Saved → /cluster/tufts/c26sp1cs0137/ashen05/ablation/ablation_results.json

  Checkpoint exists for 'only_other', skipping training.

  Results — only_other  (3 channels)
  ────────────────────────────────────────────────────────
    TMP@2m_above_ground                         RMSE:  12.0538
    RH@2m_above_ground                          RMSE:  24.9303
    UGRD@10m_above_ground                       RMSE:   3.7970
    VGRD@10m_above_ground                       RMSE:   2.6010
    GUST@surface                                RMSE:   4.5656
    APCP_1hr_acc_fcst@surface                   RMSE:   0.7830
    APCP (true>2mm)                             RMSE:   4.7097  [n=83]
    APCP binary                                  AUC:   0.3590
  Saved → /cluster/tufts/c26sp1cs0137/ashen05/ablation/ablation_results.json

CSV saved → /cluster/tufts/c26sp1cs0137/ashen05/ablation/ablation_results.csv

====================================================================================================
                                      ABLATION RESULTS SUMMARY                                      
====================================================================================================
Experiment                              #ch      TMP      RH    UGRD    VGRD    GUST   APCP>2     AUC
────────────────────────────────────────────────────────────────────────────────────────────────────
  all_features                           42   3.6726  16.710  2.7185  2.1667  3.7005   4.5075  0.6769
  drop_clouds_rad                        37   3.6983  15.770  2.5831  2.2987  3.5769   4.4765  0.7243
  drop_humidity                          35   3.6206  16.017  2.7176  2.2757  3.6274   4.4162  0.6993
  drop_other                             39   3.4145  15.732  2.6998  2.2318  3.5668   4.5675  0.6346
  drop_precipitation                     41   3.6693  16.450  2.5933  2.3079  3.6514   4.5031  0.6067
  drop_pressure                          37   3.4876  16.053  2.5393  2.2921  3.6739   4.5529  0.5622
  drop_temperature                       36   3.5093  15.866  2.6577  2.1592  3.6491   4.4645  0.6797
  drop_wind_gust                         41   3.7030  16.567  2.6725  2.2156  3.6106   4.5828  0.5861
  drop_wind_u                            35   3.7945  16.209  2.6111  2.3236  3.5834   4.4573  0.7189
  drop_wind_v                            35   3.8183  17.643  2.9433  2.2949  3.8427   4.6054  0.6057
  only_clouds_rad                         5   8.4757  21.204  2.9053  2.4815  3.8190   4.4084  0.7376
  only_humidity                           7   4.1202  19.423  2.9761  2.5501  3.9696   4.5356  0.7271
  only_other                              3  12.0538  24.930  3.7970  2.6010  4.5656   4.7097  0.3590
  only_precipitation                      1  10.5671  24.343  3.3080  2.6171  4.1453   4.6189  0.5253
  only_pressure                           5   4.2362  17.750  2.5343  2.2426  3.6835   4.5345  0.6782
  only_temperature                        6   4.1597  19.503  2.9543  2.5219  3.8659   4.5397  0.6279
  only_wind_gust                          1   5.9880  20.558  2.7636  2.3710  3.8098   4.5865  0.6797
  only_wind_u                             7   6.4375  17.396  2.5685  2.5404  3.6706   4.5411  0.6447
  only_wind_v                             7   5.9230  17.698  2.5977  2.2352  3.6757   4.5368  0.6604

Outputs in: /cluster/tufts/c26sp1cs0137/ashen05/ablation

DONE: only_wind_gust
End time: Wed Apr  1 06:42:12 EDT 2026
